Log file open, 08/10/17 15:58:18
LogInit:Display: Running engine for game: WoodWork
LogPlatformFile: Not using cached read wrapper
LogInit:Display: RandInit(1456213200) SRandInit(1456213200).
LogTaskGraph: Started task graph with 5 named threads and 8 total threads with 1 sets of task threads.
LogStats: Stats thread started at 0.061295
LogInit: Using libcurl 7.47.1
LogInit:  - built for x86_64-pc-win32
LogInit:  - supports SSL with OpenSSL/1.0.2g
LogInit:  - supports HTTP deflate (compression) using libz 1.2.8
LogInit:  - other features:
LogInit:      CURL_VERSION_SSL
LogInit:      CURL_VERSION_LIBZ
LogInit:      CURL_VERSION_IPV6
LogInit:      CURL_VERSION_ASYNCHDNS
LogInit:      CURL_VERSION_LARGEFILE
LogInit:      CURL_VERSION_IDN
LogInit:  CurlRequestOptions (configurable via config and command line):
LogInit:  - bVerifyPeer = false  - Libcurl will NOT verify peer certificate
LogInit:  - bUseHttpProxy = false  - Libcurl will NOT use HTTP proxy
LogInit:  - bDontReuseConnections = false  - Libcurl will reuse connections
LogInit:  - CertBundlePath = nullptr  - Libcurl will use whatever was configured at build time.
LogInit: Build: ++UE4+Release-4.15-CL-3348071
LogInit: Engine Version: 4.15.1-3348071+++UE4+Release-4.15
LogInit: Compatible Engine Version: 4.15.0-3299760+++UE4+Release-4.15
LogInit: Net CL: 3299760
LogDevObjectVersion: Number of dev versions registered: 14
LogDevObjectVersion:   Dev-Blueprints (B0D832E4-1F89-4F0D-ACCF-7EB736FD4AA2): 8
LogDevObjectVersion:   Dev-Build (E1C64328-A22C-4D53-A36C-8E866417BD8C): 0
LogDevObjectVersion:   Dev-Core (375EC13C-06E4-48FB-B500-84F0262A717E): 2
LogDevObjectVersion:   Dev-Editor (E4B068ED-F494-42E9-A231-DA0B2E46BB41): 14
LogDevObjectVersion:   Dev-Framework (CFFC743F-43B0-4480-9391-14DF171D2073): 22
LogDevObjectVersion:   Dev-Mobile (B02B49B5-BB20-44E9-A304-32B752E40360): 0
LogDevObjectVersion:   Dev-Networking (A4E4105C-59A1-49B5-A7C5-40C4547EDFEE): 0
LogDevObjectVersion:   Dev-Online (39C831C9-5AE6-47DC-9A44-9C173E1C8E7C): 0
LogDevObjectVersion:   Dev-Physics (78F01B33-EBEA-4F98-B9B4-84EACCB95AA2): 0
LogDevObjectVersion:   Dev-Platform (6631380F-2D4D-43E0-8009-CF276956A95A): 0
LogDevObjectVersion:   Dev-Rendering (12F88B9F-8875-4AFC-A67C-D90C383ABD29): 12
LogDevObjectVersion:   Dev-Sequencer (7B5AE74C-D270-4C10-A958-57980B212A5A): 3
LogDevObjectVersion:   Dev-VR (D7296918-1DD6-4BDD-9DE2-64A83CC13884): 0
LogDevObjectVersion:   Dev-LoadTimes (C2A15278-BFE7-4AFE-6C17-90FF531DF755): 1
LogInit: Compiled (64-bit): Mar 15 2017 16:52:47
LogInit: Compiled with Visual C++: 19.00.23026.00
LogInit: Build Configuration: Development
LogInit: Branch Name: ++UE4+Release-4.15
LogInit: Command line:  
LogInit: Base directory: C:/Program Files/Epic Games/UE_4.15/Engine/Binaries/Win64/
LogInit: Installed Engine Build: 1
LogInit: Presizing for max 8388607 objects, including 0 objects not considered by GC, pre-allocating 0 bytes for permanent pool.
LogInit: Object subsystem initialized
[2017.08.10-06.58.19:092][  0]LogInit: Selected Device Profile: [Windows]
[2017.08.10-06.58.19:092][  0]LogInit: Applying CVar settings loaded from the selected device profile: [Windows]
[2017.08.10-06.58.19:097][  0]LogInit: Computer: USER-PC
[2017.08.10-06.58.19:097][  0]LogInit: User: user
[2017.08.10-06.58.19:097][  0]LogInit: CPU Page size=65536, Cores=4
[2017.08.10-06.58.19:097][  0]LogInit: High frequency timer resolution =3.914306 MHz
[2017.08.10-06.58.19:097][  0]LogMemory: Memory total: Physical=16.0GB (16GB approx)
[2017.08.10-06.58.19:097][  0]LogMemory: Platform Memory Stats for Windows
[2017.08.10-06.58.19:097][  0]LogMemory: Process Physical Memory: 264.01 MB used, 264.01 MB peak
[2017.08.10-06.58.19:097][  0]LogMemory: Process Virtual Memory: 265.11 MB used, 265.11 MB peak
[2017.08.10-06.58.19:097][  0]LogMemory: Physical Memory: 2949.47 MB used,  13386.36 MB free, 16335.83 MB total
[2017.08.10-06.58.19:097][  0]LogMemory: Virtual Memory: 631.33 MB used,  13386.36 MB free, 8388608.00 MB total
[2017.08.10-06.58.19:148][  0]LogInit: Overriding culture en with editor configuration.
[2017.08.10-06.58.19:556][  0]LogD3D11RHI: D3D11 adapters:
[2017.08.10-06.58.19:569][  0]LogD3D11RHI:    0. 'NVIDIA GeForce GTX 1080' (Feature Level 11_0)
[2017.08.10-06.58.19:569][  0]LogD3D11RHI:       8084/0/7911 MB DedicatedVideo/DedicatedSystem/SharedSystem, Outputs:1, VendorId:0x10de
[2017.08.10-06.58.19:569][  0]LogD3D11RHI: Chosen D3D11 Adapter: 0
[2017.08.10-06.58.19:572][  0]LogD3D11RHI: Creating new Direct3DDevice
[2017.08.10-06.58.19:572][  0]LogD3D11RHI:     GPU DeviceId: 0x1b80 (for the marketing name, search the web for "GPU Device Id")
[2017.08.10-06.58.19:572][  0]LogWindows: EnumDisplayDevices:
[2017.08.10-06.58.19:572][  0]LogWindows:    0. 'NVIDIA GeForce GTX 1080' (P:1 D:1)
[2017.08.10-06.58.19:572][  0]LogWindows:    1. 'NVIDIA GeForce GTX 1080' (P:0 D:0)
[2017.08.10-06.58.19:572][  0]LogWindows:    2. 'NVIDIA GeForce GTX 1080' (P:0 D:0)
[2017.08.10-06.58.19:572][  0]LogWindows:    3. 'NVIDIA GeForce GTX 1080' (P:0 D:0)
[2017.08.10-06.58.19:572][  0]LogWindows:    4. 'RDPDD Chained DD' (P:0 D:0)
[2017.08.10-06.58.19:572][  0]LogWindows:    5. 'RDP Encoder Mirror Driver' (P:0 D:0)
[2017.08.10-06.58.19:572][  0]LogWindows:    6. 'RDP Reflector Display Driver' (P:0 D:0)
[2017.08.10-06.58.19:572][  0]LogWindows: DebugString: GetVideoDriverDetailsInvalid PrimaryIsNotTheChoosenAdapter GetVideoDriverDetailsInvalid PrimaryIsNotTheChoosenAdapter GetVideoDriverDetailsInvalid PrimaryIsNotTheChoosenAdapter FoundDriverCount:4 
[2017.08.10-06.58.19:572][  0]LogD3D11RHI:     Adapter Name: NVIDIA GeForce GTX 1080
[2017.08.10-06.58.19:572][  0]LogD3D11RHI:   Driver Version: 378.78 (internal:21.21.13.7878, unified:378.78)
[2017.08.10-06.58.19:572][  0]LogD3D11RHI:      Driver Date: 2-23-2017
[2017.08.10-06.58.19:572][  0]LogRHI: Texture pool is 1361 MB (70% of 1945 MB)
[2017.08.10-06.58.19:579][  0]LogD3D11RHI: Async texture creation enabled
[2017.08.10-06.58.19:592][  0]LogD3D11RHI: GPU Timing Frequency: 1000.000000 (Debug: 2 2)
[2017.08.10-06.58.19:639][  0]LogShaderCompilers: Guid format shader working directory is -18 characters bigger than the processId version (../../../../../../Users/user/Documents/Unreal Projects/WoodWork/Intermediate/Shaders/WorkingDirectory/4916/).
[2017.08.10-06.58.19:639][  0]LogShaderCompilers: Cleaned the shader compiler working directory 'C:/Users/user/AppData/Local/Temp/UnrealShaderWorkingDir/C45D17014CDAE6154CEED0BA78494828/'.
[2017.08.10-06.58.19:639][  0]LogShaderCompilers:Display: Using Local Shader Compiler.
[2017.08.10-06.58.20:337][  0]LogTemp:Display: Loaded TP AllDesktopTargetPlatform
[2017.08.10-06.58.20:369][  0]LogTemp:Display: Loaded TP MacClientTargetPlatform
[2017.08.10-06.58.20:401][  0]LogTemp:Display: Loaded TP MacNoEditorTargetPlatform
[2017.08.10-06.58.20:433][  0]LogTemp:Display: Loaded TP MacServerTargetPlatform
[2017.08.10-06.58.20:464][  0]LogTemp:Display: Loaded TP MacTargetPlatform
[2017.08.10-06.58.20:496][  0]LogTemp:Display: Loaded TP WindowsClientTargetPlatform
[2017.08.10-06.58.20:528][  0]LogTemp:Display: Loaded TP WindowsNoEditorTargetPlatform
[2017.08.10-06.58.20:560][  0]LogTemp:Display: Loaded TP WindowsServerTargetPlatform
[2017.08.10-06.58.20:584][  0]LogTemp:Display: Loaded TP WindowsTargetPlatform
[2017.08.10-06.58.20:614][  0]LogTemp:Display: Loaded TP AndroidTargetPlatform
[2017.08.10-06.58.20:645][  0]LogTemp:Display: Loaded TP Android_ASTCTargetPlatform
[2017.08.10-06.58.20:676][  0]LogTemp:Display: Loaded TP Android_ATCTargetPlatform
[2017.08.10-06.58.20:707][  0]LogTemp:Display: Loaded TP Android_DXTTargetPlatform
[2017.08.10-06.58.20:738][  0]LogTemp:Display: Loaded TP Android_ETC1TargetPlatform
[2017.08.10-06.58.20:769][  0]LogTemp:Display: Loaded TP Android_ETC2TargetPlatform
[2017.08.10-06.58.20:830][  0]LogTemp:Display: Loaded TP Android_MultiTargetPlatform
[2017.08.10-06.58.20:830][  0]LogTemp:Display: Loaded TP Android_PVRTCTargetPlatform
[2017.08.10-06.58.20:850][  0]LogTemp:Display: Loaded TP HTML5TargetPlatform
[2017.08.10-06.58.20:911][  0]LogTemp:Display: Loaded TP IOSTargetPlatform
[2017.08.10-06.58.20:932][  0]LogTemp:Display: Loaded TP TVOSTargetPlatform
[2017.08.10-06.58.20:963][  0]LogTemp:Display: Loaded TP LinuxClientTargetPlatform
[2017.08.10-06.58.20:994][  0]LogTemp:Display: Loaded TP LinuxNoEditorTargetPlatform
[2017.08.10-06.58.21:025][  0]LogTemp:Display: Loaded TP LinuxServerTargetPlatform
[2017.08.10-06.58.21:056][  0]LogTemp:Display: Loaded TP LinuxTargetPlatform
[2017.08.10-06.58.21:056][  0]LogTargetPlatformManager:Display: Building Assets For Windows
[2017.08.10-06.58.21:279][  0]LogDerivedDataCache:Display: Max Cache Size: 512 MB
[2017.08.10-06.58.21:312][  0]LogDerivedDataCache: Loaded boot cache 0.03s 50MB C:/Users/user/AppData/Local/UnrealEngine/4.15/DerivedDataCache/Boot.ddc.
[2017.08.10-06.58.21:312][  0]LogDerivedDataCache:Display: Loaded Boot cache: C:/Users/user/AppData/Local/UnrealEngine/4.15/DerivedDataCache/Boot.ddc
[2017.08.10-06.58.21:312][  0]LogDerivedDataCache: FDerivedDataBackendGraph:  Pak pak cache file ../../../../../../Users/user/Documents/Unreal Projects/WoodWork/DerivedDataCache/DDC.ddp not found, will not use a pak cache.
[2017.08.10-06.58.21:312][  0]LogDerivedDataCache: Unable to find inner node Pak for hierarchical cache Hierarchy.
[2017.08.10-06.58.21:312][  0]LogDerivedDataCache: FDerivedDataBackendGraph:  CompressedPak pak cache file ../../../../../../Users/user/Documents/Unreal Projects/WoodWork/DerivedDataCache/Compressed.ddp not found, will not use a pak cache.
[2017.08.10-06.58.21:312][  0]LogDerivedDataCache: Unable to find inner node CompressedPak for hierarchical cache Hierarchy.
[2017.08.10-06.58.21:326][  0]LogDerivedDataCache:Display: Pak cache opened for reading ../../../Engine/DerivedDataCache/Compressed.ddp.
[2017.08.10-06.58.21:336][  0]LogDerivedDataCache: Using Local data cache path C:/Users/user/AppData/Local/UnrealEngine/Common/DerivedDataCache: Writable
[2017.08.10-06.58.21:342][  0]LogSlate: Using Freetype 2.6.0
[2017.08.10-06.58.21:343][  0]LogSlate: SlateFontCache - WITH_FREETYPE: 1, WITH_HARFBUZZ: 1
[2017.08.10-06.58.21:343][  0]LogSlate: SlateFontCache - WITH_FREETYPE: 1, WITH_HARFBUZZ: 1
[2017.08.10-06.58.21:518][  0]LogInit: Selected Device Profile: [Windows]
[2017.08.10-06.58.21:520][  0]LogContentStreaming: Texture pool size is 0.00 MB
[2017.08.10-06.58.21:650][  0]LogMeshUtilities: Using QuadricMeshReduction for automatic static mesh reduction
[2017.08.10-06.58.21:672][  0]LogSimplygon: Simplygon DLL not present - disabling.
[2017.08.10-06.58.21:696][  0]LogMeshUtilities: Using SimplygonSwarm for distributed automatic mesh merging
[2017.08.10-06.58.21:696][  0]LogMeshUtilities: No automatic skeletal mesh reduction module available
[2017.08.10-06.58.21:696][  0]LogMeshUtilities: No automatic mesh merging module available
[2017.08.10-06.58.22:023][  0]LogNetVersion: GetLocalNetworkVersion: CL: 3299760, ProjectName: woodwork, ProjectVersion: , EngineNetworkVersion: 2, GameNetworkVersion: 0, NetworkChecksum: 439319200
[2017.08.10-06.58.22:056][  0]LogAssetRegistry: FAssetRegistry took 0.0199 seconds to start up
[2017.08.10-06.58.22:073][  0]LogPackageLocalizationCache: Processed 3 localized package path(s) for 1 prioritized culture(s) in 0.006555 seconds
[2017.08.10-06.58.22:077][  0]LogUObjectArray: 32493 objects as part of root set at end of initial load.
[2017.08.10-06.58.22:077][  0]LogUObjectAllocator: 7077032 out of 0 bytes used by permanent object pool.
[2017.08.10-06.58.22:077][  0]LogUObjectArray: CloseDisregardForGC: 0/0 objects in disregard for GC pool
[2017.08.10-06.58.22:108][  0]LogInit: WinSock: version 1.1 (2.2), MaxSocks=32767, MaxUdp=65467
[2017.08.10-06.58.22:992][  0]LogTcpMessaging: Initializing TcpMessaging bridge
[2017.08.10-06.58.23:017][  0]LogUdpMessaging: Initializing bridge on interface 0.0.0.0:0 to multicast group 230.0.0.1:6666.
[2017.08.10-06.58.23:301][  0]LogMaterial: Uniform references updated for custom material expression Custom.
[2017.08.10-06.58.23:509][  0]SourceControl: Info Source control is disabled
[2017.08.10-06.58.23:520][  0]SourceControl: Info Source control is disabled
[2017.08.10-06.58.23:544][  0]SourceControl: Info Source control is disabled
[2017.08.10-06.58.23:567][  0]SourceControl: Info Source control is disabled
[2017.08.10-06.58.24:191][  0]LogEngine: Initializing Engine...
[2017.08.10-06.58.24:192][  0]LogHMD: Failed to initialize OpenVR with code 110
[2017.08.10-06.58.24:337][  0]LogAIModule: Creating AISystem for world Untitled
[2017.08.10-06.58.24:343][  0]LogInit: XAudio2 using 'Realtek Digital Output(Realtek High Definition Audio)' : 2 channels at 48 kHz using 16 bits per sample (channel mask 0x3)
[2017.08.10-06.58.24:380][  0]LogInit: FAudioDevice initialized.
[2017.08.10-06.58.24:399][  0]LogDerivedDataCache: Saved boot cache 0.02s 50MB C:/Users/user/AppData/Local/UnrealEngine/4.15/DerivedDataCache/Boot.ddc.
[2017.08.10-06.58.24:402][  0]LogInit: Texture streaming: Enabled
[2017.08.10-06.58.24:449][  0]LogEngineSessionManager: EngineSessionManager initialized
[2017.08.10-06.58.24:495][  0]LogInit: Transaction tracking system initialized
[2017.08.10-06.58.24:670][  0]BlueprintLog: New page: Editor Load
[2017.08.10-06.58.25:112][  0]LocalizationService: Info Localization service is disabled
[2017.08.10-06.58.25:452][  0]LogConsoleResponse:Display: 
[2017.08.10-06.58.25:538][  0]LogCook:Display: Max memory allowance for cook 16384mb min free memory 0mb
[2017.08.10-06.58.25:538][  0]LogCook:Display: Mobile HDR setting 1
[2017.08.10-06.58.26:049][  0]LogFileCache: Scanning file cache for directory 'C:/Users/user/Documents/Unreal Projects/WoodWork/Content/' took 0.01s
[2017.08.10-06.58.26:049][  0]SourceControl: Info Source control is disabled
[2017.08.10-06.58.26:050][  0]Cmd: MAP LOAD FILE="../../../../../../Users/user/Documents/Unreal Projects/WoodWork/Content/StarterContent/Maps/Minimal_Default.umap" TEMPLATE=0 SHOWPROGRESS=1 FEATURELEVEL=3
[2017.08.10-06.58.26:050][  0]LightingResults: New page: Lighting Build
[2017.08.10-06.58.26:070][  0]MapCheck: New page: Map Check
[2017.08.10-06.58.26:070][  0]LightingResults: New page: Lighting Build
[2017.08.10-06.58.26:351][  0]LogAIModule: Creating AISystem for world Minimal_Default
[2017.08.10-06.58.26:372][  0]LogEditorServer: Finished looking for orphan Actors (0.000 secs)
[2017.08.10-06.58.26:372][  0]Cmd: MAP CHECKDEP NOCLEARLOG
[2017.08.10-06.58.26:392][  0]MapCheck: Info Map check complete: 0 Error(s), 0 Warning(s), took 20.133ms to complete.
[2017.08.10-06.58.26:392][  0]LogFileHelpers: Loading map 'Minimal_Default' took 0.343
[2017.08.10-06.58.26:516][  0]LogCollectionManager: Loaded 0 collections in 0.000977 seconds
[2017.08.10-06.58.26:572][  0]LogFileCache: Scanning file cache for directory 'C:/Users/user/Documents/Unreal Projects/WoodWork/Saved/Collections/' took 0.01s
[2017.08.10-06.58.26:572][  0]LogFileCache: Scanning file cache for directory 'C:/Users/user/Documents/Unreal Projects/WoodWork/Content/Developers/user/Collections/' took 0.01s
[2017.08.10-06.58.26:572][  0]LogFileCache: Scanning file cache for directory 'C:/Users/user/Documents/Unreal Projects/WoodWork/Content/Collections/' took 0.01s
[2017.08.10-06.58.26:572][  0]LogCollectionManager: Rebuilt the GUID cache for 0 collections in 0.000001 seconds
[2017.08.10-06.58.26:579][  0]LogContentBrowser: Native class hierarchy populated in 0.0062 seconds. Added 2245 classes and 453 folders.
[2017.08.10-06.58.26:581][  0]LogStats: UGameplayTagsManager::ConstructGameplayTagTree: Construct from data asset -  0.000 s
[2017.08.10-06.58.26:581][  0]LogStats: UGameplayTagsManager::ConstructGameplayTagTree: GameplayTagTreeChangedEvent.Broadcast -  0.000 s
[2017.08.10-06.58.26:613][  0]LogContentBrowser: Native class hierarchy updated for 'WidgetCarousel' in 0.0003 seconds. Added 0 classes and 0 folders.
[2017.08.10-06.58.26:634][  0]LogContentBrowser: Native class hierarchy updated for 'AddContentDialog' in 0.0003 seconds. Added 0 classes and 0 folders.
[2017.08.10-06.58.26:656][  0]LogContentBrowser: Native class hierarchy updated for 'SceneOutliner' in 0.0003 seconds. Added 1 classes and 2 folders.
[2017.08.10-06.58.26:728][  0]LogCrashTracker: Crashtracker disabled due to settings.
[2017.08.10-06.58.26:732][  0]LogUObjectGlobals:Warning: Failed to find object 'Class None.'
[2017.08.10-06.58.26:775][  0]LogContentBrowser: Native class hierarchy updated for 'HierarchicalLODOutliner' in 0.0004 seconds. Added 1 classes and 2 folders.
[2017.08.10-06.58.26:775][  0]LogLoad: (Engine Initialization) Total time: 9.15 seconds
[2017.08.10-06.58.26:775][  0]LogLoad: (Engine Initialization) Total Blueprint compile time: 0.06 seconds
[2017.08.10-06.58.26:775][  0]LogExternalProfiler: Found external profiler: VSPerf
[2017.08.10-06.58.26:775][  0]LogExternalProfiler: Using external profiler: VSPerf
[2017.08.10-06.58.26:787][  0]LogOcInput: OculusInput pre-init called
[2017.08.10-06.58.26:801][  0]LogAssetRegistry: Asset discovery search completed in 4.7646 seconds
[2017.08.10-06.58.26:801][  0]LogCollectionManager: Rebuilt the object cache for 0 collections in 0.000002 seconds (found 0 objects)
[2017.08.10-06.58.26:801][  0]LogCollectionManager: Fixed up redirectors for 0 collections in 0.000012 seconds (updated 0 objects)
[2017.08.10-06.58.26:805][  0]LogContentStreaming: Texture pool size now 1000 MB
[2017.08.10-06.58.26:812][  0]LogSlate: Took 0.000112 seconds to synchronously load lazily loaded font '../../../Engine/Content/Slate/Fonts/Roboto-Regular.ttf' (155K)
[2017.08.10-06.58.26:814][  0]LogSlate: Took 0.000127 seconds to synchronously load lazily loaded font '../../../Engine/Content/Slate/Fonts/Roboto-Bold.ttf' (160K)
[2017.08.10-06.58.26:818][  0]LogSlate: Took 0.000127 seconds to synchronously load lazily loaded font '../../../Engine/Content/Editor/Slate/Fonts/FontAwesome.ttf' (139K)
[2017.08.10-06.58.26:904][  0]LogSlate: Took 0.000111 seconds to synchronously load lazily loaded font '../../../Engine/Content/Slate/Fonts/Roboto-Light.ttf' (159K)
[2017.08.10-06.58.26:941][  0]LogRenderer: Reallocating scene render targets to support 1128x576 NumSamples 1 (Frame:2).
[2017.08.10-06.58.27:797][ 83]LogSlate: Took 0.000099 seconds to synchronously load lazily loaded font '../../../Engine/Content/Slate/Fonts/Roboto-Light.ttf' (159K)
[2017.08.10-07.06.10:327][689]LogSlate: Took 0.000288 seconds to synchronously load lazily loaded font '../../../Engine/Content/Slate/Fonts/Roboto-Light.ttf' (159K)
[2017.08.10-07.06.10:384][689]LogAssetTools:Warning: Failed to import 'C:\Users\user\Downloads\table wood.blend'. Unknown extension 'blend'.
[2017.08.10-07.07.10:677][363]LogFactory: FactoryCreateFile: StaticMesh with FbxFactory (0 0 C:\Users\user\Downloads\lautapino.FBX)
[2017.08.10-07.07.10:726][363]LogFbx: ItemName: GlobalSettings, ItemCount : 1
[2017.08.10-07.07.10:726][363]LogFbx: ItemName: AnimationStack, ItemCount : 1
[2017.08.10-07.07.10:726][363]LogFbx: ItemName: AnimationLayer, ItemCount : 1
[2017.08.10-07.07.10:726][363]LogFbx: ItemName: Model, ItemCount : 1
[2017.08.10-07.07.10:726][363]LogFbx: ItemName: Material, ItemCount : 1
[2017.08.10-07.07.10:726][363]LogFbx: ItemName: Texture, ItemCount : 1
[2017.08.10-07.07.10:726][363]LogFbx: ItemName: Geometry, ItemCount : 1
[2017.08.10-07.07.10:726][363]LogFbx: ItemName: Video, ItemCount : 1
[2017.08.10-07.07.10:743][363]LogFbx: Loading FBX Scene from C:\Users\user\Downloads\lautapino.FBX
[2017.08.10-07.07.10:763][363]LogFbx: FBX Scene Loaded Succesfully
[2017.08.10-07.07.12:104][363]LogFbx: Loading FBX Scene from C:\Users\user\Downloads\lautapino.FBX
[2017.08.10-07.07.12:110][363]LogFbx: FBX Scene Loaded Succesfully
[2017.08.10-07.07.12:114][363]LogLinker: Can't find file '/Game/03_-_Default'
[2017.08.10-07.07.12:114][363]LogLinker: Can't find file '/Game/03_-_Default'
[2017.08.10-07.07.12:116][363]LogLinker: Can't find file '/Game/lautapino'
[2017.08.10-07.07.12:141][363]LogTexture:Display: Building textures: lautapino2 (AutoDXT, 512X512) - 113 MB total VRAM
[2017.08.10-07.07.12:230][363]LogMaterial: Missing cached shader map for material 03_-_Default, compiling. 
[2017.08.10-07.07.12:231][363]LogMaterial:Warning: Failed to compile Material /Game/03_-_Default.03_-_Default for platform PCD3D_SM5, Default Material will be used in game.
[2017.08.10-07.07.12:231][363]LogMaterial:Warning: 	(Node TextureSample) TextureSample> Sampler type is Color, should be Linear Color for /Game/lautapino2.lautapino2
[2017.08.10-07.07.12:234][363]LogStaticMesh: Building static mesh lautapino...
[2017.08.10-07.07.12:237][363]LogStaticMesh: Built static mesh [0.00s] /Game/lautapino.lautapino
[2017.08.10-07.07.12:247][363]FBXImport:Warning: Warning No smoothing group information was found in this FBX scene.  Please make sure to enable the 'Export Smoothing Groups' option in the FBX Exporter plug-in before exporting the file.  Even for tools that don't support smoothing groups, the FBX Exporter will generate appropriate smoothing data at export-time so that correct vertex normals can be inferred while importing. 
[2017.08.10-07.07.21:074][346]LogSlate: Took 0.001541 seconds to synchronously load lazily loaded font '../../../Engine/Content/Slate/Fonts/DroidSansFallback.ttf' (3848K)
[2017.08.10-07.07.28:727][264]LogMaterial: Missing cached shader map for material M_Wood, compiling. 
[2017.08.10-07.07.28:728][264]LogTemp:Display: Added material ShaderMap 0x00000000299EE780 with Material 0x00000000411D1600 to ShaderMapsBeingCompiled
[2017.08.10-07.07.28:748][264]LogTemp:Display: Kicking off shader compilation for M_Wood, GameThreadShaderMap 0x00000000299EE780
[2017.08.10-07.07.30:040][418]LogTemp:Display: Finished compile of shader map 0x00000000299EE780
[2017.08.10-07.07.30:040][418]LogTemp:Display: Shader map M_Wood complete, GameThreadShaderMap 0x00000000299EE780, marking material M_Wood as finished
[2017.08.10-07.07.30:040][418]LogTemp:Display: Marking material as finished 0x00000000411D1600
[2017.08.10-07.07.38:811][391]LogRenderer: Reallocating scene render targets to support 1432x924 NumSamples 1 (Frame:38405).
[2017.08.10-07.07.57:466][579]Cmd: OBJ SAVEPACKAGE PACKAGE="/Game/lautapino" FILE="../../../../../../Users/user/Documents/Unreal Projects/WoodWork/Content/lautapino.uasset" SILENT=true
[2017.08.10-07.07.57:476][579]LogSavePackage: Save=7.49ms
[2017.08.10-07.07.57:476][579]LogSavePackage: Moving '../../../../../../Users/user/Documents/Unreal Projects/WoodWork/Saved/lautapinoAF5A3B96484886DDE8B5F18A19F712C2.tmp' to '../../../../../../Users/user/Documents/Unreal Projects/WoodWork/Content/lautapino.uasset'
[2017.08.10-07.07.57:477][579]LogSavePackage:Display: Finished SavePackage ../../../../../../Users/user/Documents/Unreal Projects/WoodWork/Content/lautapino.uasset
[2017.08.10-07.08.02:174][126]LogActorFactory: Actor Factory created lautapino
[2017.08.10-07.08.02:712][190]LogActorFactory: Actor Factory created lautapino
[2017.08.10-07.08.36:771][247]LogEditorViewport: Clicking on Actor (LMB): StaticMeshActor (lautapino)
[2017.08.10-07.08.43:531][ 45]LogEditorViewport: Clicking on Actor (LMB): StaticMeshActor (lautapino)
[2017.08.10-07.08.58:456][820]LogEditorViewport: Clicking on Actor (LMB): StaticMeshActor (desalto_bend_in_fbx_upY)
[2017.08.10-07.09.01:133][131]LogMaterial: Missing cached shader map for material lautapino2_Mat, compiling. 
[2017.08.10-07.09.01:133][131]LogMaterial:Warning: Failed to compile Material /Game/lautapino2_Mat.lautapino2_Mat for platform PCD3D_SM5, Default Material will be used in game.
[2017.08.10-07.09.01:133][131]LogMaterial:Warning: 	(Node TextureSample) TextureSample> Sampler type is Color, should be Linear Color for /Game/lautapino2.lautapino2
[2017.08.10-07.09.02:420][266]Cmd: TRANSACTION UNDO
[2017.08.10-07.09.02:420][266]LogEditorTransaction: Undo Create Actors
[2017.08.10-07.09.37:169][348]LogSavePackage: Save=70.25ms
[2017.08.10-07.09.37:169][348]LogSavePackage: Moving '../../../../../../Users/user/Documents/Unreal Projects/WoodWork/Saved/Minimal_Default_Auto1BCCC0AC04E1B5A4478D70C815FE4C001.tmp' to '../../../../../../Users/user/Documents/Unreal Projects/WoodWork/Saved/Autosaves/Game/StarterContent/Maps/Minimal_Default_Auto1.umap'
[2017.08.10-07.09.37:169][348]LogSavePackage:Display: Finished SavePackage ../../../../../../Users/user/Documents/Unreal Projects/WoodWork/Saved/Autosaves/Game/StarterContent/Maps/Minimal_Default_Auto1.umap
[2017.08.10-07.09.37:170][348]LogFileHelpers: Editor autosave (incl. sublevels) for '/Game/StarterContent/Maps/Minimal_Default' took 0.091
[2017.08.10-07.09.37:170][348]LogFileHelpers: Editor autosave (incl. sublevels) for all levels took 0.091
[2017.08.10-07.09.37:171][348]OBJ SavePackage: Generating thumbnails for [1] asset(s) in package [/Game/lautapino2] ([1] browsable assets)...
[2017.08.10-07.09.37:178][348]OBJ SavePackage:     Rendered thumbnail for [Texture2D /Game/lautapino2.lautapino2]
[2017.08.10-07.09.37:178][348]OBJ SavePackage: Finished generating thumbnails for package [/Game/lautapino2]
[2017.08.10-07.09.37:178][348]Cmd: OBJ SAVEPACKAGE PACKAGE="/Game/lautapino2" FILE="../../../../../../Users/user/Documents/Unreal Projects/WoodWork/Saved/Autosaves/Game/lautapino2_Auto1.uasset" SILENT=false AUTOSAVING=true
[2017.08.10-07.09.37:183][348]LogSavePackage: Save=5.07ms
[2017.08.10-07.09.37:183][348]LogSavePackage: Moving '../../../../../../Users/user/Documents/Unreal Projects/WoodWork/Saved/lautapino2_Auto1FCCC524A47621310E8B860B178B2864E.tmp' to '../../../../../../Users/user/Documents/Unreal Projects/WoodWork/Saved/Autosaves/Game/lautapino2_Auto1.uasset'
[2017.08.10-07.09.37:184][348]LogSavePackage:Display: Finished SavePackage ../../../../../../Users/user/Documents/Unreal Projects/WoodWork/Saved/Autosaves/Game/lautapino2_Auto1.uasset
[2017.08.10-07.09.37:184][348]OBJ SavePackage: Generating thumbnails for [1] asset(s) in package [/Game/M_Wood] ([1] browsable assets)...
[2017.08.10-07.09.37:195][348]OBJ SavePackage:     Rendered thumbnail for [Material /Game/M_Wood.M_Wood]
[2017.08.10-07.09.37:195][348]OBJ SavePackage: Finished generating thumbnails for package [/Game/M_Wood]
[2017.08.10-07.09.37:195][348]Cmd: OBJ SAVEPACKAGE PACKAGE="/Game/M_Wood" FILE="../../../../../../Users/user/Documents/Unreal Projects/WoodWork/Saved/Autosaves/Game/M_Wood_Auto1.uasset" SILENT=false AUTOSAVING=true
[2017.08.10-07.09.37:205][348]LogSavePackage: Save=8.79ms
[2017.08.10-07.09.37:205][348]LogSavePackage: Moving '../../../../../../Users/user/Documents/Unreal Projects/WoodWork/Saved/M_Wood_Auto13C11717C456FEC191C8F63A502FB8C28.tmp' to '../../../../../../Users/user/Documents/Unreal Projects/WoodWork/Saved/Autosaves/Game/M_Wood_Auto1.uasset'
[2017.08.10-07.09.37:205][348]LogSavePackage:Display: Finished SavePackage ../../../../../../Users/user/Documents/Unreal Projects/WoodWork/Saved/Autosaves/Game/M_Wood_Auto1.uasset
[2017.08.10-07.09.37:205][348]LogFileHelpers: Auto-saving content packages took 0.034
[2017.08.10-07.09.45:777][497]LogFactory: FactoryCreateFile: Texture with ReimportTextureFactory (0 0 C:\Users\user\Downloads\wood25.jpg)
[2017.08.10-07.09.45:842][497]LogTexture:Display: Building textures: wood25 (AutoDXT, 1536X1024) - 130 MB total VRAM
[2017.08.10-07.15.27:704][390]LogMaterial: Missing cached shader map for material M_Wood2, compiling. 
[2017.08.10-07.15.27:704][390]LogTemp:Display: Added material ShaderMap 0x000000005A55AE80 with Material 0x00000000252A8D00 to ShaderMapsBeingCompiled
[2017.08.10-07.15.27:714][390]LogTemp:Display: Kicking off shader compilation for M_Wood2, GameThreadShaderMap 0x000000005A55AE80
[2017.08.10-07.15.29:053][546]LogTemp:Display: Finished compile of shader map 0x000000005A55AE80
[2017.08.10-07.15.29:053][546]LogTemp:Display: Shader map M_Wood2 complete, GameThreadShaderMap 0x000000005A55AE80, marking material M_Wood2 as finished
[2017.08.10-07.15.29:053][546]LogTemp:Display: Marking material as finished 0x00000000252A8D00
[2017.08.10-07.15.56:363][739]LogMetaData: Removing '/Game/Minimal_Default.Minimal_Default_C' ref from Metadata '/Game/StarterContent/Maps/Minimal_Default.PackageMetaData'
[2017.08.10-07.15.56:363][739]LogMetaData: Removing '/Game/Minimal_Default.SKEL_Minimal_Default_C' ref from Metadata '/Game/StarterContent/Maps/Minimal_Default.PackageMetaData'
[2017.08.10-07.15.56:397][739]Cmd: OBJ SAVEPACKAGE PACKAGE="/Game/Minimal_Default" FILE="../../../../../../Users/user/Documents/Unreal Projects/WoodWork/Content/Minimal_Default.umap" SILENT=true AUTOSAVING=false KEEPDIRTY=false
[2017.08.10-07.15.56:475][739]LogSavePackage: Save=70.51ms
[2017.08.10-07.15.56:475][739]LogSavePackage: Moving '../../../../../../Users/user/Documents/Unreal Projects/WoodWork/Saved/Minimal_Default69D1415243724A42DB122FB07D91160B.tmp' to '../../../../../../Users/user/Documents/Unreal Projects/WoodWork/Content/Minimal_Default.umap'
[2017.08.10-07.15.56:476][739]LogSavePackage:Display: Finished SavePackage ../../../../../../Users/user/Documents/Unreal Projects/WoodWork/Content/Minimal_Default.umap
[2017.08.10-07.15.56:485][739]LogFileHelpers: Saving map 'Minimal_Default' took 0.110
[2017.08.10-07.15.56:487][739]Cmd: OBJ SAVEPACKAGE PACKAGE="/Game/Minimal_Default_BuiltData" FILE="../../../../../../Users/user/Documents/Unreal Projects/WoodWork/Content/Minimal_Default_BuiltData.uasset" SILENT=true
[2017.08.10-07.15.56:510][739]LogSavePackage: Save=23.12ms
[2017.08.10-07.15.56:510][739]LogSavePackage: Moving '../../../../../../Users/user/Documents/Unreal Projects/WoodWork/Saved/Minimal_Default_BuiltDataC2059F6843B2B3CA21CEA3AC5B5CBA45.tmp' to '../../../../../../Users/user/Documents/Unreal Projects/WoodWork/Content/Minimal_Default_BuiltData.uasset'
[2017.08.10-07.15.56:511][739]LogSavePackage:Display: Finished SavePackage ../../../../../../Users/user/Documents/Unreal Projects/WoodWork/Content/Minimal_Default_BuiltData.uasset
[2017.08.10-07.16.16:464][106]LogMetaData: Removing '/Game/WOODWorkSHOP.WOODWorkSHOP_C' ref from Metadata '/Game/Minimal_Default.PackageMetaData'
[2017.08.10-07.16.16:464][106]LogMetaData: Removing '/Game/WOODWorkSHOP.SKEL_WOODWorkSHOP_C' ref from Metadata '/Game/Minimal_Default.PackageMetaData'
[2017.08.10-07.16.16:498][106]Cmd: OBJ SAVEPACKAGE PACKAGE="/Game/WOODWorkSHOP" FILE="../../../../../../Users/user/Documents/Unreal Projects/WoodWork/Content/WOODWorkSHOP.umap" SILENT=true AUTOSAVING=false KEEPDIRTY=false
[2017.08.10-07.16.16:599][106]LogSavePackage: Save=93.25ms
[2017.08.10-07.16.16:599][106]LogSavePackage: Moving '../../../../../../Users/user/Documents/Unreal Projects/WoodWork/Saved/WOODWorkSHOPA77FC1B243F744240E28A7ABA71E23EA.tmp' to '../../../../../../Users/user/Documents/Unreal Projects/WoodWork/Content/WOODWorkSHOP.umap'
[2017.08.10-07.16.16:600][106]LogSavePackage:Display: Finished SavePackage ../../../../../../Users/user/Documents/Unreal Projects/WoodWork/Content/WOODWorkSHOP.umap
[2017.08.10-07.16.16:610][106]LogFileHelpers: Saving map 'WOODWorkSHOP' took 0.135
[2017.08.10-07.16.53:175][100]LogAnimation:Warning: SkeletalMesh shelf has no skeleton. This needs to fixed before an animation can be set
[2017.08.10-07.16.53:194][102]LogAnimation:Warning: SkeletalMesh shelf has no skeleton. This needs to fixed before an animation can be set
[2017.08.10-07.16.53:219][104]LogAnimation:Warning: SkeletalMesh shelf has no skeleton. This needs to fixed before an animation can be set
[2017.08.10-07.16.53:269][110]LogAnimation:Warning: SkeletalMesh shelf has no skeleton. This needs to fixed before an animation can be set
[2017.08.10-07.16.53:319][116]LogAnimation:Warning: SkeletalMesh shelf has no skeleton. This needs to fixed before an animation can be set
[2017.08.10-07.16.58:714][749]LogMetaData: Removing '/Game/NewFolder/WOODWorkSHOP.WOODWorkSHOP_C' ref from Metadata '/Game/WOODWorkSHOP.PackageMetaData'
[2017.08.10-07.16.58:714][749]LogMetaData: Removing '/Game/NewFolder/WOODWorkSHOP.SKEL_WOODWorkSHOP_C' ref from Metadata '/Game/WOODWorkSHOP.PackageMetaData'
[2017.08.10-07.16.58:849][749]LogSavePackage: Save=93.82ms
[2017.08.10-07.16.58:849][749]LogSavePackage: Moving '../../../../../../Users/user/Documents/Unreal Projects/WoodWork/Saved/WOODWorkSHOPDD7E357840EA15CE3EA44890BD122D5D.tmp' to '../../../../../../Users/user/Documents/Unreal Projects/WoodWork/Content/NewFolder/WOODWorkSHOP.umap'
[2017.08.10-07.16.58:849][749]LogSavePackage:Display: Finished SavePackage ../../../../../../Users/user/Documents/Unreal Projects/WoodWork/Content/NewFolder/WOODWorkSHOP.umap
[2017.08.10-07.16.58:859][749]LogFileHelpers: Saving map 'WOODWorkSHOP' took 0.135
[2017.08.10-07.16.59:574][822]LogLinker:Warning: Can't find file '/Game/M_Wood'
[2017.08.10-07.16.59:574][822]LogLinker:Warning: Can't find file for asset '/Game/M_Wood' while loading ../../../../../../Users/user/Documents/Unreal Projects/WoodWork/Content/lautapino.uasset.
[2017.08.10-07.16.59:574][822]LoadErrors:Error: Error /Game/lautapino : Can't find file for asset. /Game/M_Wood
[2017.08.10-07.16.59:574][822]LogLinker:Warning: Can't find file '/Game/M_Wood'
[2017.08.10-07.16.59:574][822]LogLinker:Warning: Can't find file for asset '/Game/M_Wood' while loading ../../../../../../Users/user/Documents/Unreal Projects/WoodWork/Content/lautapino.uasset.
[2017.08.10-07.16.59:579][822]LogUObjectGlobals:Warning: Failed to find object 'Object /Game/WOODWorkSHOP.WOODWorkSHOP_BuiltData'
[2017.08.10-07.17.02:730][188]LogSavePackage: Save=22.78ms
[2017.08.10-07.17.02:730][188]LogSavePackage: Moving '../../../../../../Users/user/Documents/Unreal Projects/WoodWork/Saved/Minimal_Default_BuiltData2CE167FB4DD054E3F58EF2B42D98CDDA.tmp' to '../../../../../../Users/user/Documents/Unreal Projects/WoodWork/Content/NewFolder/Minimal_Default_BuiltData.uasset'
[2017.08.10-07.17.02:731][188]LogSavePackage:Display: Finished SavePackage ../../../../../../Users/user/Documents/Unreal Projects/WoodWork/Content/NewFolder/Minimal_Default_BuiltData.uasset
[2017.08.10-07.17.02:733][188]Cmd: OBJ SAVEPACKAGE PACKAGE="/Game/Minimal_Default_BuiltData" FILE="../../../../../../Users/user/Documents/Unreal Projects/WoodWork/Content/Minimal_Default_BuiltData.uasset" SILENT=true
[2017.08.10-07.17.02:739][188]LogSavePackage: Save=0.57ms
[2017.08.10-07.17.02:739][188]LogSavePackage: Moving '../../../../../../Users/user/Documents/Unreal Projects/WoodWork/Saved/Minimal_Default_BuiltDataF9C3A3134AE9E9AA69F2F4800FA43D64.tmp' to '../../../../../../Users/user/Documents/Unreal Projects/WoodWork/Content/Minimal_Default_BuiltData.uasset'
[2017.08.10-07.17.02:739][188]LogSavePackage:Display: Finished SavePackage ../../../../../../Users/user/Documents/Unreal Projects/WoodWork/Content/Minimal_Default_BuiltData.uasset
[2017.08.10-07.17.08:545][775]Cmd: OBJ SAVEPACKAGE PACKAGE="/Game/lautapino2" FILE="../../../../../../Users/user/Documents/Unreal Projects/WoodWork/Content/lautapino2.uasset" SILENT=true
[2017.08.10-07.17.08:659][775]LogSavePackage: Save=112.74ms
[2017.08.10-07.17.08:659][775]LogSavePackage: Moving '../../../../../../Users/user/Documents/Unreal Projects/WoodWork/Saved/lautapino29EDEF6A54B0757589E5AA6904E640B47.tmp' to '../../../../../../Users/user/Documents/Unreal Projects/WoodWork/Content/lautapino2.uasset'
[2017.08.10-07.17.08:659][775]LogSavePackage:Display: Finished SavePackage ../../../../../../Users/user/Documents/Unreal Projects/WoodWork/Content/lautapino2.uasset
[2017.08.10-07.17.08:671][775]Cmd: OBJ SAVEPACKAGE PACKAGE="/Game/M_Wood" FILE="../../../../../../Users/user/Documents/Unreal Projects/WoodWork/Content/M_Wood.uasset" SILENT=true
[2017.08.10-07.17.08:681][775]LogSavePackage: Save=8.87ms
[2017.08.10-07.17.08:681][775]LogSavePackage: Moving '../../../../../../Users/user/Documents/Unreal Projects/WoodWork/Saved/M_WoodE1E910F54EE752EE7DF877A5BF66BA7B.tmp' to '../../../../../../Users/user/Documents/Unreal Projects/WoodWork/Content/M_Wood.uasset'
[2017.08.10-07.17.08:681][775]LogSavePackage:Display: Finished SavePackage ../../../../../../Users/user/Documents/Unreal Projects/WoodWork/Content/M_Wood.uasset
[2017.08.10-07.17.08:693][775]Cmd: OBJ SAVEPACKAGE PACKAGE="/Game/M_Wood2" FILE="../../../../../../Users/user/Documents/Unreal Projects/WoodWork/Content/M_Wood2.uasset" SILENT=true
[2017.08.10-07.17.08:704][775]LogSavePackage: Save=10.59ms
[2017.08.10-07.17.08:704][775]LogSavePackage: Moving '../../../../../../Users/user/Documents/Unreal Projects/WoodWork/Saved/M_Wood2D43B08FC4AD87D012306ED9F130E3F01.tmp' to '../../../../../../Users/user/Documents/Unreal Projects/WoodWork/Content/M_Wood2.uasset'
[2017.08.10-07.17.08:705][775]LogSavePackage:Display: Finished SavePackage ../../../../../../Users/user/Documents/Unreal Projects/WoodWork/Content/M_Wood2.uasset
[2017.08.10-07.17.08:706][775]Cmd: OBJ SAVEPACKAGE PACKAGE="/Game/Minimal_Default" FILE="../../../../../../Users/user/Documents/Unreal Projects/WoodWork/Content/Minimal_Default.umap" SILENT=true
[2017.08.10-07.17.08:709][775]LogSavePackage: Save=0.51ms
[2017.08.10-07.17.08:709][775]LogSavePackage: Moving '../../../../../../Users/user/Documents/Unreal Projects/WoodWork/Saved/Minimal_Default20601CB8495FAC10A98C37A5FFC9808B.tmp' to '../../../../../../Users/user/Documents/Unreal Projects/WoodWork/Content/Minimal_Default.umap'
[2017.08.10-07.17.08:710][775]LogSavePackage:Display: Finished SavePackage ../../../../../../Users/user/Documents/Unreal Projects/WoodWork/Content/Minimal_Default.umap
[2017.08.10-07.17.08:718][775]Cmd: OBJ SAVEPACKAGE PACKAGE="/Game/wood25" FILE="../../../../../../Users/user/Documents/Unreal Projects/WoodWork/Content/wood25.uasset" SILENT=true
[2017.08.10-07.17.08:895][775]LogSavePackage: Save=177.32ms
[2017.08.10-07.17.08:895][775]LogSavePackage: Moving '../../../../../../Users/user/Documents/Unreal Projects/WoodWork/Saved/wood254E1AC2D3499B8C6906B210BB38A4C03D.tmp' to '../../../../../../Users/user/Documents/Unreal Projects/WoodWork/Content/wood25.uasset'
[2017.08.10-07.17.08:896][775]LogSavePackage:Display: Finished SavePackage ../../../../../../Users/user/Documents/Unreal Projects/WoodWork/Content/wood25.uasset
[2017.08.10-07.17.08:898][775]Cmd: OBJ SAVEPACKAGE PACKAGE="/Game/WOODWorkSHOP" FILE="../../../../../../Users/user/Documents/Unreal Projects/WoodWork/Content/WOODWorkSHOP.umap" SILENT=true
[2017.08.10-07.17.09:008][775]LogStats: FPlatformStackWalk::StackWalkAndDump -  0.107 s
[2017.08.10-07.17.09:009][775]LogOutputDevice:Error: === Handled ensure: ===
[2017.08.10-07.17.09:009][775]LogOutputDevice:Error: 
[2017.08.10-07.17.09:009][775]LogOutputDevice:Error: Ensure condition failed: false [File:D:\Build\++UE4+Release-4.15+Compile\Sync\Engine\Source\Runtime\CoreUObject\Private\UObject\SavePackage.cpp] [Line: 4951]
[2017.08.10-07.17.09:009][775]LogOutputDevice:Error: Attempting to save a map package '/Game/WOODWorkSHOP' that does not contain a map object.
[2017.08.10-07.17.09:009][775]LogOutputDevice:Error: Stack: 
[2017.08.10-07.17.09:009][775]LogOutputDevice:Error: UE4Editor-Core.dll!0x00000000DAA395E6
[2017.08.10-07.17.09:009][775]LogOutputDevice:Error: UE4Editor-Core.dll!0x00000000DA7E9B82
[2017.08.10-07.17.09:009][775]LogOutputDevice:Error: UE4Editor-Core.dll!0x00000000DA7FB666
[2017.08.10-07.17.09:009][775]LogOutputDevice:Error: UE4Editor-CoreUObject.dll!0x00000000DA36AF8E
[2017.08.10-07.17.09:009][775]LogOutputDevice:Error: UE4Editor-UnrealEd.dll!0x00000000D380F160
[2017.08.10-07.17.09:009][775]LogOutputDevice:Error: UE4Editor-UnrealEd.dll!0x00000000D380FA99
[2017.08.10-07.17.09:009][775]LogOutputDevice:Error: UE4Editor-UnrealEd.dll!0x00000000D384CB78
[2017.08.10-07.17.09:009][775]LogOutputDevice:Error: UE4Editor-UnrealEd.dll!0x00000000D3849559
[2017.08.10-07.17.09:009][775]LogOutputDevice:Error: UE4Editor-UnrealEd.dll!0x00000000D403A945
[2017.08.10-07.17.09:009][775]LogOutputDevice:Error: UE4Editor-UnrealEd.dll!0x00000000D3ACF788
[2017.08.10-07.17.09:009][775]LogOutputDevice:Error: UE4Editor-UnrealEd.dll!0x00000000D3AFDF94
[2017.08.10-07.17.09:009][775]LogOutputDevice:Error: UE4Editor-UnrealEd.dll!0x00000000D3ACFEB8
[2017.08.10-07.17.09:009][775]LogOutputDevice:Error: UE4Editor-UnrealEd.dll!0x00000000D3B0B7D3
[2017.08.10-07.17.09:009][775]LogOutputDevice:Error: UE4Editor-ContentBrowser.dll!0x00000000C2DF8C0A
[2017.08.10-07.17.09:009][775]LogOutputDevice:Error: UE4Editor-ContentBrowser.dll!0x00000000C2F083C6
[2017.08.10-07.17.09:009][775]LogOutputDevice:Error: UE4Editor-ContentBrowser.dll!0x00000000C2E07792
[2017.08.10-07.17.09:009][775]LogOutputDevice:Error: UE4Editor-ContentBrowser.dll!0x00000000C2E0C589
[2017.08.10-07.17.09:009][775]LogOutputDevice:Error: UE4Editor-ContentBrowser.dll!0x00000000C2EAB3E9
[2017.08.10-07.17.09:009][775]LogOutputDevice:Error: UE4Editor-Slate.dll!0x00000000D644CF25
[2017.08.10-07.17.09:009][775]LogOutputDevice:Error: UE4Editor-Slate.dll!0x00000000D647A4AE
[2017.08.10-07.17.09:009][775]LogOutputDevice:Error: UE4Editor-Slate.dll!0x00000000D62A411C
[2017.08.10-07.17.09:009][775]LogOutputDevice:Error: UE4Editor-Slate.dll!0x00000000D62747F5
[2017.08.10-07.17.09:009][775]LogOutputDevice:Error: UE4Editor-Slate.dll!0x00000000D6317193
[2017.08.10-07.17.09:009][775]LogOutputDevice:Error: UE4Editor-Slate.dll!0x00000000D6301100
[2017.08.10-07.17.09:009][775]LogOutputDevice:Error: UE4Editor-Slate.dll!0x00000000D62F0211
[2017.08.10-07.17.09:009][775]LogOutputDevice:Error: UE4Editor-Core.dll!0x00000000DAA2CDF9
[2017.08.10-07.17.09:009][775]LogOutputDevice:Error: UE4Editor-Core.dll!0x00000000DAA167C1
[2017.08.10-07.17.09:009][775]LogOutputDevice:Error: UE4Editor-Core.dll!0x00000000DAA2EA1C
[2017.08.10-07.17.09:009][775]LogOutputDevice:Error: UE4Editor-Core.dll!0x00000000DAA126E9
[2017.08.10-07.17.09:009][775]LogOutputDevice:Error: USER32.dll!0x0000000077509BD1
[2017.08.10-07.17.09:009][775]LogOutputDevice:Error: USER32.dll!0x00000000775098DA
[2017.08.10-07.17.09:009][775]LogOutputDevice:Error: UE4Editor-Core.dll!0x00000000DAA2F326
[2017.08.10-07.17.09:009][775]LogOutputDevice:Error: UE4Editor.exe!0x000000003FC8D790
[2017.08.10-07.17.09:009][775]LogOutputDevice:Error: UE4Editor.exe!0x000000003FC7EB40
[2017.08.10-07.17.09:009][775]LogOutputDevice:Error: UE4Editor.exe!0x000000003FC7EBBA
[2017.08.10-07.17.09:009][775]LogOutputDevice:Error: UE4Editor.exe!0x000000003FC90A29
[2017.08.10-07.17.09:009][775]LogOutputDevice:Error: UE4Editor.exe!0x000000003FC922B6
[2017.08.10-07.17.09:009][775]LogOutputDevice:Error: kernel32.dll!0x000000007760652D
[2017.08.10-07.17.09:009][775]LogOutputDevice:Error: ntdll.dll!0x000000007773C541
[2017.08.10-07.17.09:009][775]LogOutputDevice:Error: 
[2017.08.10-07.17.09:019][775]LogStats:                SubmitErrorReport -  0.000 s
