Log file open, 08/24/17 11:37:24
LogInit:Display: Running engine for game: WoodWork
LogPlatformFile: Not using cached read wrapper
LogInit:Display: RandInit(-820089011) SRandInit(-820089011).
LogTaskGraph: Started task graph with 5 named threads and 8 total threads with 1 sets of task threads.
LogStats: Stats thread started at 0.059432
LogInit: Using libcurl 7.47.1
LogInit:  - built for x86_64-pc-win32
LogInit:  - supports SSL with OpenSSL/1.0.2g
LogInit:  - supports HTTP deflate (compression) using libz 1.2.8
LogInit:  - other features:
LogInit:      CURL_VERSION_SSL
LogInit:      CURL_VERSION_LIBZ
LogInit:      CURL_VERSION_IPV6
LogInit:      CURL_VERSION_ASYNCHDNS
LogInit:      CURL_VERSION_LARGEFILE
LogInit:      CURL_VERSION_IDN
LogInit:  CurlRequestOptions (configurable via config and command line):
LogInit:  - bVerifyPeer = false  - Libcurl will NOT verify peer certificate
LogInit:  - bUseHttpProxy = false  - Libcurl will NOT use HTTP proxy
LogInit:  - bDontReuseConnections = false  - Libcurl will reuse connections
LogInit:  - CertBundlePath = nullptr  - Libcurl will use whatever was configured at build time.
LogInit: Build: ++UE4+Release-4.15-CL-3450819
LogInit: Engine Version: 4.15.3-3450819+++UE4+Release-4.15
LogInit: Compatible Engine Version: 4.15.0-3299760+++UE4+Release-4.15
LogInit: Net CL: 3299760
LogDevObjectVersion: Number of dev versions registered: 14
LogDevObjectVersion:   Dev-Blueprints (B0D832E4-1F89-4F0D-ACCF-7EB736FD4AA2): 8
LogDevObjectVersion:   Dev-Build (E1C64328-A22C-4D53-A36C-8E866417BD8C): 0
LogDevObjectVersion:   Dev-Core (375EC13C-06E4-48FB-B500-84F0262A717E): 2
LogDevObjectVersion:   Dev-Editor (E4B068ED-F494-42E9-A231-DA0B2E46BB41): 14
LogDevObjectVersion:   Dev-Framework (CFFC743F-43B0-4480-9391-14DF171D2073): 22
LogDevObjectVersion:   Dev-Mobile (B02B49B5-BB20-44E9-A304-32B752E40360): 0
LogDevObjectVersion:   Dev-Networking (A4E4105C-59A1-49B5-A7C5-40C4547EDFEE): 0
LogDevObjectVersion:   Dev-Online (39C831C9-5AE6-47DC-9A44-9C173E1C8E7C): 0
LogDevObjectVersion:   Dev-Physics (78F01B33-EBEA-4F98-B9B4-84EACCB95AA2): 0
LogDevObjectVersion:   Dev-Platform (6631380F-2D4D-43E0-8009-CF276956A95A): 0
LogDevObjectVersion:   Dev-Rendering (12F88B9F-8875-4AFC-A67C-D90C383ABD29): 12
LogDevObjectVersion:   Dev-Sequencer (7B5AE74C-D270-4C10-A958-57980B212A5A): 3
LogDevObjectVersion:   Dev-VR (D7296918-1DD6-4BDD-9DE2-64A83CC13884): 0
LogDevObjectVersion:   Dev-LoadTimes (C2A15278-BFE7-4AFE-6C17-90FF531DF755): 1
LogInit: Compiled (64-bit): May 21 2017 11:02:34
LogInit: Compiled with Visual C++: 19.00.23026.00
LogInit: Build Configuration: Development
LogInit: Branch Name: ++UE4+Release-4.15
LogInit: Command line:  
LogInit: Base directory: D:/UE_4.15/Engine/Binaries/Win64/
LogInit: Installed Engine Build: 1
LogInit: Presizing for max 8388607 objects, including 0 objects not considered by GC, pre-allocating 0 bytes for permanent pool.
LogInit: Object subsystem initialized
[2017.08.24-02.37.25:540][  0]LogInit: Selected Device Profile: [Windows]
[2017.08.24-02.37.25:540][  0]LogInit: Applying CVar settings loaded from the selected device profile: [Windows]
[2017.08.24-02.37.25:545][  0]LogInit: Computer: USER-PC
[2017.08.24-02.37.25:545][  0]LogInit: User: user
[2017.08.24-02.37.25:545][  0]LogInit: CPU Page size=65536, Cores=4
[2017.08.24-02.37.25:545][  0]LogInit: High frequency timer resolution =3.914169 MHz
[2017.08.24-02.37.25:545][  0]LogMemory: Memory total: Physical=16.0GB (16GB approx)
[2017.08.24-02.37.25:545][  0]LogMemory: Platform Memory Stats for Windows
[2017.08.24-02.37.25:545][  0]LogMemory: Process Physical Memory: 264.26 MB used, 264.26 MB peak
[2017.08.24-02.37.25:545][  0]LogMemory: Process Virtual Memory: 262.14 MB used, 262.14 MB peak
[2017.08.24-02.37.25:545][  0]LogMemory: Physical Memory: 3214.11 MB used,  13121.59 MB free, 16335.70 MB total
[2017.08.24-02.37.25:545][  0]LogMemory: Virtual Memory: 628.45 MB used,  13121.59 MB free, 8388608.00 MB total
[2017.08.24-02.37.25:588][  0]LogInit: Overriding culture en with editor configuration.
[2017.08.24-02.37.25:966][  0]LogD3D11RHI: D3D11 adapters:
[2017.08.24-02.37.25:979][  0]LogD3D11RHI:    0. 'NVIDIA GeForce GTX 1080' (Feature Level 11_0)
[2017.08.24-02.37.25:979][  0]LogD3D11RHI:       8084/0/7911 MB DedicatedVideo/DedicatedSystem/SharedSystem, Outputs:1, VendorId:0x10de
[2017.08.24-02.37.25:979][  0]LogD3D11RHI: Chosen D3D11 Adapter: 0
[2017.08.24-02.37.25:983][  0]LogD3D11RHI: Creating new Direct3DDevice
[2017.08.24-02.37.25:983][  0]LogD3D11RHI:     GPU DeviceId: 0x1b80 (for the marketing name, search the web for "GPU Device Id")
[2017.08.24-02.37.25:983][  0]LogWindows: EnumDisplayDevices:
[2017.08.24-02.37.25:983][  0]LogWindows:    0. 'NVIDIA GeForce GTX 1080' (P:1 D:1)
[2017.08.24-02.37.25:983][  0]LogWindows:    1. 'NVIDIA GeForce GTX 1080' (P:0 D:0)
[2017.08.24-02.37.25:983][  0]LogWindows:    2. 'NVIDIA GeForce GTX 1080' (P:0 D:0)
[2017.08.24-02.37.25:983][  0]LogWindows:    3. 'NVIDIA GeForce GTX 1080' (P:0 D:0)
[2017.08.24-02.37.25:983][  0]LogWindows:    4. 'RDPDD Chained DD' (P:0 D:0)
[2017.08.24-02.37.25:983][  0]LogWindows:    5. 'RDP Encoder Mirror Driver' (P:0 D:0)
[2017.08.24-02.37.25:983][  0]LogWindows:    6. 'RDP Reflector Display Driver' (P:0 D:0)
[2017.08.24-02.37.25:983][  0]LogWindows: DebugString: GetVideoDriverDetailsInvalid PrimaryIsNotTheChoosenAdapter GetVideoDriverDetailsInvalid PrimaryIsNotTheChoosenAdapter GetVideoDriverDetailsInvalid PrimaryIsNotTheChoosenAdapter FoundDriverCount:4 
[2017.08.24-02.37.25:983][  0]LogD3D11RHI:     Adapter Name: NVIDIA GeForce GTX 1080
[2017.08.24-02.37.25:983][  0]LogD3D11RHI:   Driver Version: 375.70 (internal:21.21.13.7570, unified:375.70)
[2017.08.24-02.37.25:983][  0]LogD3D11RHI:      Driver Date: 10-25-2016
[2017.08.24-02.37.25:983][  0]LogRHI: Texture pool is 1361 MB (70% of 1945 MB)
[2017.08.24-02.37.25:989][  0]LogD3D11RHI: Async texture creation enabled
[2017.08.24-02.37.26:003][  0]LogD3D11RHI: GPU Timing Frequency: 1000.000000 (Debug: 2 2)
[2017.08.24-02.37.26:050][  0]LogShaderCompilers: Guid format shader working directory is 18 characters bigger than the processId version (../../../../unreal/WoodWork/Intermediate/Shaders/WorkingDirectory/3416/).
[2017.08.24-02.37.26:050][  0]LogShaderCompilers: Cleaned the shader compiler working directory 'C:/Users/user/AppData/Local/Temp/UnrealShaderWorkingDir/69C7746D4E6995D4529C008875AD5BC3/'.
[2017.08.24-02.37.26:050][  0]LogShaderCompilers:Display: Using Local Shader Compiler.
[2017.08.24-02.37.26:712][  0]LogTemp:Display: Loaded TP AllDesktopTargetPlatform
[2017.08.24-02.37.26:739][  0]LogTemp:Display: Loaded TP MacClientTargetPlatform
[2017.08.24-02.37.26:766][  0]LogTemp:Display: Loaded TP MacNoEditorTargetPlatform
[2017.08.24-02.37.26:793][  0]LogTemp:Display: Loaded TP MacServerTargetPlatform
[2017.08.24-02.37.26:820][  0]LogTemp:Display: Loaded TP MacTargetPlatform
[2017.08.24-02.37.26:847][  0]LogTemp:Display: Loaded TP WindowsClientTargetPlatform
[2017.08.24-02.37.26:874][  0]LogTemp:Display: Loaded TP WindowsNoEditorTargetPlatform
[2017.08.24-02.37.26:901][  0]LogTemp:Display: Loaded TP WindowsServerTargetPlatform
[2017.08.24-02.37.26:921][  0]LogTemp:Display: Loaded TP WindowsTargetPlatform
[2017.08.24-02.37.26:947][  0]LogTemp:Display: Loaded TP AndroidTargetPlatform
[2017.08.24-02.37.26:974][  0]LogTemp:Display: Loaded TP Android_ASTCTargetPlatform
[2017.08.24-02.37.27:000][  0]LogTemp:Display: Loaded TP Android_ATCTargetPlatform
[2017.08.24-02.37.27:027][  0]LogTemp:Display: Loaded TP Android_DXTTargetPlatform
[2017.08.24-02.37.27:054][  0]LogTemp:Display: Loaded TP Android_ETC1TargetPlatform
[2017.08.24-02.37.27:080][  0]LogTemp:Display: Loaded TP Android_ETC2TargetPlatform
[2017.08.24-02.37.27:133][  0]LogTemp:Display: Loaded TP Android_MultiTargetPlatform
[2017.08.24-02.37.27:133][  0]LogTemp:Display: Loaded TP Android_PVRTCTargetPlatform
[2017.08.24-02.37.27:148][  0]LogTemp:Display: Loaded TP HTML5TargetPlatform
[2017.08.24-02.37.27:203][  0]LogTemp:Display: Loaded TP IOSTargetPlatform
[2017.08.24-02.37.27:222][  0]LogTemp:Display: Loaded TP TVOSTargetPlatform
[2017.08.24-02.37.27:248][  0]LogTemp:Display: Loaded TP LinuxClientTargetPlatform
[2017.08.24-02.37.27:275][  0]LogTemp:Display: Loaded TP LinuxNoEditorTargetPlatform
[2017.08.24-02.37.27:303][  0]LogTemp:Display: Loaded TP LinuxServerTargetPlatform
[2017.08.24-02.37.27:329][  0]LogTemp:Display: Loaded TP LinuxTargetPlatform
[2017.08.24-02.37.27:329][  0]LogTargetPlatformManager:Display: Building Assets For Windows
[2017.08.24-02.37.27:495][  0]LogDerivedDataCache:Display: Max Cache Size: 512 MB
[2017.08.24-02.37.27:529][  0]LogDerivedDataCache: Loaded boot cache 0.03s 50MB C:/Users/user/AppData/Local/UnrealEngine/4.15/DerivedDataCache/Boot.ddc.
[2017.08.24-02.37.27:529][  0]LogDerivedDataCache:Display: Loaded Boot cache: C:/Users/user/AppData/Local/UnrealEngine/4.15/DerivedDataCache/Boot.ddc
[2017.08.24-02.37.27:529][  0]LogDerivedDataCache: FDerivedDataBackendGraph:  Pak pak cache file ../../../../unreal/WoodWork/DerivedDataCache/DDC.ddp not found, will not use a pak cache.
[2017.08.24-02.37.27:529][  0]LogDerivedDataCache: Unable to find inner node Pak for hierarchical cache Hierarchy.
[2017.08.24-02.37.27:529][  0]LogDerivedDataCache: FDerivedDataBackendGraph:  CompressedPak pak cache file ../../../../unreal/WoodWork/DerivedDataCache/Compressed.ddp not found, will not use a pak cache.
[2017.08.24-02.37.27:529][  0]LogDerivedDataCache: Unable to find inner node CompressedPak for hierarchical cache Hierarchy.
[2017.08.24-02.37.27:542][  0]LogDerivedDataCache:Display: Pak cache opened for reading ../../../Engine/DerivedDataCache/Compressed.ddp.
[2017.08.24-02.37.27:553][  0]LogDerivedDataCache: Using Local data cache path C:/Users/user/AppData/Local/UnrealEngine/Common/DerivedDataCache: Writable
[2017.08.24-02.37.27:560][  0]LogSlate: Using Freetype 2.6.0
[2017.08.24-02.37.27:560][  0]LogSlate: SlateFontCache - WITH_FREETYPE: 1, WITH_HARFBUZZ: 1
[2017.08.24-02.37.27:560][  0]LogSlate: SlateFontCache - WITH_FREETYPE: 1, WITH_HARFBUZZ: 1
[2017.08.24-02.37.27:739][  0]LogInit: Selected Device Profile: [Windows]
[2017.08.24-02.37.27:740][  0]LogContentStreaming: Texture pool size is 0.00 MB
[2017.08.24-02.37.27:857][  0]LogMeshUtilities: Using QuadricMeshReduction for automatic static mesh reduction
[2017.08.24-02.37.27:874][  0]LogSimplygon: Simplygon DLL not present - disabling.
[2017.08.24-02.37.27:891][  0]LogMeshUtilities: Using SimplygonSwarm for distributed automatic mesh merging
[2017.08.24-02.37.27:891][  0]LogMeshUtilities: No automatic skeletal mesh reduction module available
[2017.08.24-02.37.27:891][  0]LogMeshUtilities: No automatic mesh merging module available
[2017.08.24-02.37.28:204][  0]LogNetVersion: GetLocalNetworkVersion: CL: 3299760, ProjectName: woodwork, ProjectVersion: , EngineNetworkVersion: 2, GameNetworkVersion: 0, NetworkChecksum: 439319200
[2017.08.24-02.37.28:235][  0]LogAssetRegistry: FAssetRegistry took 0.0198 seconds to start up
[2017.08.24-02.37.28:249][  0]LogPackageLocalizationCache: Processed 3 localized package path(s) for 1 prioritized culture(s) in 0.006003 seconds
[2017.08.24-02.37.28:253][  0]LogUObjectArray: 32493 objects as part of root set at end of initial load.
[2017.08.24-02.37.28:253][  0]LogUObjectAllocator: 7077032 out of 0 bytes used by permanent object pool.
[2017.08.24-02.37.28:253][  0]LogUObjectArray: CloseDisregardForGC: 0/0 objects in disregard for GC pool
[2017.08.24-02.37.28:275][  0]LogInit: WinSock: version 1.1 (2.2), MaxSocks=32767, MaxUdp=65467
[2017.08.24-02.37.29:030][  0]LogTcpMessaging: Initializing TcpMessaging bridge
[2017.08.24-02.37.29:051][  0]LogUdpMessaging: Initializing bridge on interface 0.0.0.0:0 to multicast group 230.0.0.1:6666.
[2017.08.24-02.37.29:266][  0]LogMaterial: Uniform references updated for custom material expression Custom.
[2017.08.24-02.37.29:441][  0]SourceControl: Info Source control is disabled
[2017.08.24-02.37.29:453][  0]SourceControl: Info Source control is disabled
[2017.08.24-02.37.29:471][  0]SourceControl: Info Source control is disabled
[2017.08.24-02.37.29:488][  0]SourceControl: Info Source control is disabled
[2017.08.24-02.37.29:975][  0]LogEngine: Initializing Engine...
[2017.08.24-02.37.29:975][  0]LogHMD: Failed to initialize OpenVR with code 110
[2017.08.24-02.37.30:058][  0]LogStats: UGameplayTagsManager::ConstructGameplayTagTree: Construct from data asset -  0.000 s
[2017.08.24-02.37.30:058][  0]LogStats: UGameplayTagsManager::ConstructGameplayTagTree: GameplayTagTreeChangedEvent.Broadcast -  0.000 s
[2017.08.24-02.37.30:106][  0]LogAIModule: Creating AISystem for world Untitled
[2017.08.24-02.37.30:113][  0]LogInit: XAudio2 using 'Realtek Digital Output(Realtek High Definition Audio)' : 2 channels at 48 kHz using 16 bits per sample (channel mask 0x3)
[2017.08.24-02.37.30:129][  0]LogInit: FAudioDevice initialized.
[2017.08.24-02.37.30:147][  0]LogDerivedDataCache: Saved boot cache 0.02s 50MB C:/Users/user/AppData/Local/UnrealEngine/4.15/DerivedDataCache/Boot.ddc.
[2017.08.24-02.37.30:149][  0]LogInit: Texture streaming: Enabled
[2017.08.24-02.37.30:184][  0]LogEngineSessionManager: EngineSessionManager initialized
[2017.08.24-02.37.30:184][  0]LogEngineSessionManager: EngineSessionManager sent abnormal shutdown report. Type=AbnormalShutdown, SessionId={FE43C51C-4C8F-FB1E-C0B5-24BA11BA27AC}
[2017.08.24-02.37.30:219][  0]LogInit: Transaction tracking system initialized
[2017.08.24-02.37.30:350][  0]BlueprintLog: New page: Editor Load
[2017.08.24-02.37.30:685][  0]LocalizationService: Info Localization service is disabled
[2017.08.24-02.37.30:947][  0]LogConsoleResponse:Display: 
[2017.08.24-02.37.31:028][  0]LogCook:Display: Max memory allowance for cook 16384mb min free memory 0mb
[2017.08.24-02.37.31:028][  0]LogCook:Display: Mobile HDR setting 1
[2017.08.24-02.37.31:418][  0]LogFileCache: Scanning file cache for directory 'D:/unreal/WoodWork/Content/' took 0.01s
[2017.08.24-02.37.31:418][  0]SourceControl: Info Source control is disabled
[2017.08.24-02.37.31:419][  0]Cmd: MAP LOAD FILE="../../../../unreal/WoodWork/Content/Maps/L_WorkShop.umap" TEMPLATE=0 SHOWPROGRESS=1 FEATURELEVEL=3
[2017.08.24-02.37.31:419][  0]LightingResults: New page: Lighting Build
[2017.08.24-02.37.31:434][  0]MapCheck: New page: Map Check
[2017.08.24-02.37.31:435][  0]LightingResults: New page: Lighting Build
[2017.08.24-02.37.31:591][  0]LogLinker:Warning: Can't find file '/Game/item/M_wood-pile'
[2017.08.24-02.37.31:591][  0]LogLinker:Warning: Can't find file for asset '/Game/item/M_wood-pile' while loading ../../../../unreal/WoodWork/Content/Meshes/SM_Shelf.uasset.
[2017.08.24-02.37.31:591][  0]LoadErrors:Error: Error /Game/Meshes/SM_Shelf : Can't find file for asset. /Game/item/M_wood-pile
[2017.08.24-02.37.31:591][  0]LogLinker:Warning: Can't find file '/Game/item/M_wood-pile'
[2017.08.24-02.37.31:591][  0]LogLinker:Warning: Can't find file for asset '/Game/item/M_wood-pile' while loading ../../../../unreal/WoodWork/Content/Meshes/SM_Shelf.uasset.
[2017.08.24-02.37.31:591][  0]LoadErrors:Error: Error /Game/Meshes/SM_Shelf : Can't find file for asset. /Game/item/M_wood-pile
[2017.08.24-02.37.31:704][  0]LogLinker:Warning: Can't find file '/Game/item/M_wood-pile'
[2017.08.24-02.37.31:704][  0]LogLinker:Warning: Can't find file for asset '/Game/item/M_wood-pile' while loading ../../../../unreal/WoodWork/Content/Meshes/SM_WoodPile.uasset.
[2017.08.24-02.37.31:704][  0]LoadErrors:Error: Error /Game/Meshes/SM_WoodPile : Can't find file for asset. /Game/item/M_wood-pile
[2017.08.24-02.37.31:704][  0]LogLinker:Warning: Can't find file '/Game/item/M_wood-pile'
[2017.08.24-02.37.31:704][  0]LogLinker:Warning: Can't find file for asset '/Game/item/M_wood-pile' while loading ../../../../unreal/WoodWork/Content/Meshes/SM_WoodPile.uasset.
[2017.08.24-02.37.31:704][  0]LoadErrors:Error: Error /Game/Meshes/SM_WoodPile : Can't find file for asset. /Game/item/M_wood-pile
[2017.08.24-02.37.31:705][  0]LogLinker:Warning: Can't find file '/Game/item/desalto_bend_in_mtl_1'
[2017.08.24-02.37.31:705][  0]LogLinker:Warning: Can't find file for asset '/Game/item/desalto_bend_in_mtl_1' while loading ../../../../unreal/WoodWork/Content/Meshes/SM_WorkTabe.uasset.
[2017.08.24-02.37.31:705][  0]LoadErrors:Error: Error /Game/Meshes/SM_WorkTabe : Can't find file for asset. /Game/item/desalto_bend_in_mtl_1
[2017.08.24-02.37.31:705][  0]LogLinker:Warning: Can't find file '/Game/item/desalto_bend_in_mtl_1'
[2017.08.24-02.37.31:705][  0]LogLinker:Warning: Can't find file for asset '/Game/item/desalto_bend_in_mtl_1' while loading ../../../../unreal/WoodWork/Content/Meshes/SM_WorkTabe.uasset.
[2017.08.24-02.37.31:705][  0]LoadErrors:Error: Error /Game/Meshes/SM_WorkTabe : Can't find file for asset. /Game/item/desalto_bend_in_mtl_1
[2017.08.24-02.37.31:718][  0]LogLinker:Warning: Can't find file '/Game/item/M_wood-pile'
[2017.08.24-02.37.31:718][  0]LoadErrors: Info Failed to load /Game/item/M_wood-pile.M_Wood-Pile Referenced by SM_Shelf
[2017.08.24-02.37.31:718][  0]LogLinker:Warning: Can't find file for asset '/Game/item/M_wood-pile' while loading NULL.
[2017.08.24-02.37.31:718][  0]LoadErrors: Info Failed to load /Game/item/M_wood-pile.M_Wood-Pile Referenced by SM_Shelf
[2017.08.24-02.37.31:720][  0]LogLinker:Warning: Can't find file '/Game/item/desalto_bend_in_mtl_1'
[2017.08.24-02.37.31:720][  0]LoadErrors: Info Failed to load /Game/item/desalto_bend_in_mtl_1.desalto_bend_in_mtl_1 Referenced by SM_WorkTabe
[2017.08.24-02.37.31:720][  0]LogLinker:Warning: Can't find file for asset '/Game/item/desalto_bend_in_mtl_1' while loading NULL.
[2017.08.24-02.37.31:721][  0]LoadErrors: Info Failed to load /Game/item/desalto_bend_in_mtl_1.desalto_bend_in_mtl_1 Referenced by SM_WorkTabe
[2017.08.24-02.37.31:721][  0]LogLinker:Warning: Can't find file '/Game/item/M_wood-pile'
[2017.08.24-02.37.31:721][  0]LoadErrors: Info Failed to load /Game/item/M_wood-pile.M_wood-pile Referenced by SM_WoodPile
[2017.08.24-02.37.31:721][  0]LogLinker:Warning: Can't find file for asset '/Game/item/M_wood-pile' while loading NULL.
[2017.08.24-02.37.31:721][  0]LoadErrors: Info Failed to load /Game/item/M_wood-pile.M_wood-pile Referenced by SM_WoodPile
[2017.08.24-02.37.31:907][  0]LogAIModule: Creating AISystem for world L_WorkShop
[2017.08.24-02.37.31:930][  0]LogEditorServer: Finished looking for orphan Actors (0.000 secs)
[2017.08.24-02.37.31:930][  0]Cmd: MAP CHECKDEP NOCLEARLOG
[2017.08.24-02.37.31:948][  0]MapCheck: Info Map check complete: 0 Error(s), 0 Warning(s), took 17.537ms to complete.
[2017.08.24-02.37.31:948][  0]LogFileHelpers: Loading map 'L_WorkShop' took 0.530
[2017.08.24-02.37.32:061][  0]LogCollectionManager: Loaded 0 collections in 0.000595 seconds
[2017.08.24-02.37.32:110][  0]LogFileCache: Scanning file cache for directory 'D:/unreal/WoodWork/Saved/Collections/' took 0.01s
[2017.08.24-02.37.32:110][  0]LogFileCache: Scanning file cache for directory 'D:/unreal/WoodWork/Content/Developers/user/Collections/' took 0.01s
[2017.08.24-02.37.32:110][  0]LogFileCache: Scanning file cache for directory 'D:/unreal/WoodWork/Content/Collections/' took 0.01s
[2017.08.24-02.37.32:110][  0]LogCollectionManager: Rebuilt the GUID cache for 0 collections in 0.000001 seconds
[2017.08.24-02.37.32:117][  0]LogContentBrowser: Native class hierarchy populated in 0.0063 seconds. Added 2245 classes and 453 folders.
[2017.08.24-02.37.32:142][  0]LogContentBrowser: Native class hierarchy updated for 'WidgetCarousel' in 0.0003 seconds. Added 0 classes and 0 folders.
[2017.08.24-02.37.32:162][  0]LogContentBrowser: Native class hierarchy updated for 'AddContentDialog' in 0.0003 seconds. Added 0 classes and 0 folders.
[2017.08.24-02.37.32:179][  0]LogContentBrowser: Native class hierarchy updated for 'SceneOutliner' in 0.0003 seconds. Added 1 classes and 2 folders.
[2017.08.24-02.37.32:253][  0]LogCrashTracker: Crashtracker disabled due to settings.
[2017.08.24-02.37.32:257][  0]LogUObjectGlobals:Warning: Failed to find object 'Class None.'
[2017.08.24-02.37.32:295][  0]LogContentBrowser: Native class hierarchy updated for 'HierarchicalLODOutliner' in 0.0004 seconds. Added 1 classes and 2 folders.
[2017.08.24-02.37.32:295][  0]LogLoad: (Engine Initialization) Total time: 8.08 seconds
[2017.08.24-02.37.32:295][  0]LogLoad: (Engine Initialization) Total Blueprint compile time: 0.14 seconds
[2017.08.24-02.37.32:295][  0]LogExternalProfiler: Found external profiler: VSPerf
[2017.08.24-02.37.32:295][  0]LogExternalProfiler: Using external profiler: VSPerf
[2017.08.24-02.37.32:634][  0]LogOcInput: OculusInput pre-init called
[2017.08.24-02.37.32:648][  0]LogAssetRegistry: Asset discovery search completed in 4.4327 seconds
[2017.08.24-02.37.32:648][  0]LogCollectionManager: Rebuilt the object cache for 0 collections in 0.000003 seconds (found 0 objects)
[2017.08.24-02.37.32:648][  0]LogCollectionManager: Fixed up redirectors for 0 collections in 0.000013 seconds (updated 0 objects)
[2017.08.24-02.37.32:652][  0]LogContentStreaming: Texture pool size now 1000 MB
[2017.08.24-02.37.32:666][  0]LogSlate: Took 0.000102 seconds to synchronously load lazily loaded font '../../../Engine/Content/Slate/Fonts/Roboto-Regular.ttf' (155K)
[2017.08.24-02.37.32:668][  0]LogSlate: Took 0.000136 seconds to synchronously load lazily loaded font '../../../Engine/Content/Slate/Fonts/Roboto-Bold.ttf' (160K)
[2017.08.24-02.37.32:672][  0]LogSlate: Took 0.000115 seconds to synchronously load lazily loaded font '../../../Engine/Content/Editor/Slate/Fonts/FontAwesome.ttf' (139K)
[2017.08.24-02.37.32:765][  0]LogSlate: Took 0.000103 seconds to synchronously load lazily loaded font '../../../Engine/Content/Slate/Fonts/Roboto-Light.ttf' (159K)
[2017.08.24-02.37.32:795][  0]LogRenderer: Reallocating scene render targets to support 1208x576 NumSamples 1 (Frame:2).
[2017.08.24-02.37.33:636][  3]LogSlate: Took 0.000152 seconds to synchronously load lazily loaded font '../../../Engine/Content/Slate/Fonts/Roboto-Light.ttf' (159K)
[2017.08.24-02.37.43:257][  0]LogSlate: Took 0.000084 seconds to synchronously load lazily loaded font '../../../Engine/Content/Slate/Fonts/Roboto-Light.ttf' (159K)
[2017.08.24-02.37.43:850][  1]LogRenderer: Reallocating scene render targets to support 1432x924 NumSamples 1 (Frame:1086).
[2017.08.24-02.37.56:394][339]Cmd: OBJ SAVEPACKAGE PACKAGE="/Game/Meshes/SM_Shelf" FILE="../../../../unreal/WoodWork/Content/Meshes/SM_Shelf.uasset" SILENT=true
[2017.08.24-02.37.56:405][339]LogSavePackage: Save=7.80ms
[2017.08.24-02.37.56:405][339]LogSavePackage: Moving '../../../../unreal/WoodWork/Saved/SM_ShelfCCFCA90A4C519BA8688F0FB4A6CC28BD.tmp' to '../../../../unreal/WoodWork/Content/Meshes/SM_Shelf.uasset'
[2017.08.24-02.37.56:405][339]LogSavePackage:Display: Finished SavePackage ../../../../unreal/WoodWork/Content/Meshes/SM_Shelf.uasset
[2017.08.24-02.38.19:041][764]Cmd: OBJ SAVEPACKAGE PACKAGE="/Game/Meshes/SM_WoodPile" FILE="../../../../unreal/WoodWork/Content/Meshes/SM_WoodPile.uasset" SILENT=true
[2017.08.24-02.38.19:052][764]LogSavePackage: Save=7.34ms
[2017.08.24-02.38.19:052][764]LogSavePackage: Moving '../../../../unreal/WoodWork/Saved/SM_WoodPile61845A6E4692247A59BE7A887CB4537B.tmp' to '../../../../unreal/WoodWork/Content/Meshes/SM_WoodPile.uasset'
[2017.08.24-02.38.19:053][764]LogSavePackage:Display: Finished SavePackage ../../../../unreal/WoodWork/Content/Meshes/SM_WoodPile.uasset
[2017.08.24-02.38.48:891][ 52]Cmd: OBJ SAVEPACKAGE PACKAGE="/Game/Meshes/SM_WorkTabe" FILE="../../../../unreal/WoodWork/Content/Meshes/SM_WorkTabe.uasset" SILENT=true
[2017.08.24-02.38.48:901][ 52]LogSavePackage: Save=7.18ms
[2017.08.24-02.38.48:901][ 52]LogSavePackage: Moving '../../../../unreal/WoodWork/Saved/SM_WorkTabe7F59D8BF4F5CBC07587D77B16F02C20A.tmp' to '../../../../unreal/WoodWork/Content/Meshes/SM_WorkTabe.uasset'
[2017.08.24-02.38.48:902][ 52]LogSavePackage:Display: Finished SavePackage ../../../../unreal/WoodWork/Content/Meshes/SM_WorkTabe.uasset
[2017.08.24-02.38.49:049][ 68]Cmd: OBJ SAVEPACKAGE PACKAGE="/Game/Meshes/SM_WorkTabe" FILE="../../../../unreal/WoodWork/Content/Meshes/SM_WorkTabe.uasset" SILENT=true
[2017.08.24-02.38.49:053][ 68]LogSavePackage: Save=1.33ms
[2017.08.24-02.38.49:053][ 68]LogSavePackage: Moving '../../../../unreal/WoodWork/Saved/SM_WorkTabe823A5D7C48B727C03B88019F1E952840.tmp' to '../../../../unreal/WoodWork/Content/Meshes/SM_WorkTabe.uasset'
[2017.08.24-02.38.49:053][ 68]LogSavePackage:Display: Finished SavePackage ../../../../unreal/WoodWork/Content/Meshes/SM_WorkTabe.uasset
[2017.08.24-02.38.51:908][396]LogEditorViewport: Clicking on Actor (LMB): StaticMeshActor (desalto_bend_in_fbx_upY)
[2017.08.24-02.39.02:664][592]LogTexture:Display: Building textures: T_wood25 (AutoDXT, 1536X1024) - 160 MB total VRAM
[2017.08.24-02.39.03:991][592]LogMaterial: Missing cached shader map for material M_Wood2, compiling. 
[2017.08.24-02.39.03:992][592]LogTemp:Display: Added material ShaderMap 0x000000007B540800 with Material 0x0000000099FEDD80 to ShaderMapsBeingCompiled
[2017.08.24-02.39.04:013][592]LogTemp:Display: Kicking off shader compilation for M_Wood2, GameThreadShaderMap 0x000000007B540800
[2017.08.24-02.39.04:017][592]LogMaterial:Warning: Material /Game/Materials/M_Wood2.M_Wood2 needed to have new flag set bUsedWithStaticLighting !
[2017.08.24-02.39.04:019][592]LogMaterial: Missing cached shader map for material M_Wood2, compiling. 
[2017.08.24-02.39.04:020][592]LogTemp:Display: Added material ShaderMap 0x00000000956B0480 with Material 0x0000000099FEDD80 to ShaderMapsBeingCompiled
[2017.08.24-02.39.04:041][592]LogTemp:Display: Kicking off shader compilation for M_Wood2, GameThreadShaderMap 0x00000000956B0480
[2017.08.24-02.39.04:041][592]LogMaterial: 0.00 seconds spent updating 1 materials, 1 interfaces, 0 instances, 0 with static permutations.
[2017.08.24-02.39.05:704][739]LogTemp:Display: Finished compile of shader map 0x000000007B540800
[2017.08.24-02.39.05:705][739]LogTemp:Display: Shader map M_Wood2 complete, GameThreadShaderMap 0x000000007B540800, marking material M_Wood2 as finished
[2017.08.24-02.39.05:705][739]LogTemp:Display: Marking material as finished 0x0000000099FEDD80
[2017.08.24-02.39.06:478][822]LogTemp:Display: Finished compile of shader map 0x00000000956B0480
[2017.08.24-02.39.06:478][822]LogTemp:Display: Shader map M_Wood2 complete, GameThreadShaderMap 0x00000000956B0480, marking material M_Wood2 as finished
[2017.08.24-02.39.06:478][822]LogTemp:Display: Marking material as finished 0x0000000099FEDD80
[2017.08.24-02.39.08:241][ 31]Cmd: OBJ SAVEPACKAGE PACKAGE="/Game/Meshes/SM_WorkTabe" FILE="../../../../unreal/WoodWork/Content/Meshes/SM_WorkTabe.uasset" SILENT=true
[2017.08.24-02.39.08:252][ 31]LogSavePackage: Save=7.68ms
[2017.08.24-02.39.08:252][ 31]LogSavePackage: Moving '../../../../unreal/WoodWork/Saved/SM_WorkTabe342C4023401A05C4B9C8158D9DEBBAC7.tmp' to '../../../../unreal/WoodWork/Content/Meshes/SM_WorkTabe.uasset'
[2017.08.24-02.39.08:252][ 31]LogSavePackage:Display: Finished SavePackage ../../../../unreal/WoodWork/Content/Meshes/SM_WorkTabe.uasset
[2017.08.24-02.39.08:398][ 47]Cmd: OBJ SAVEPACKAGE PACKAGE="/Game/Meshes/SM_WorkTabe" FILE="../../../../unreal/WoodWork/Content/Meshes/SM_WorkTabe.uasset" SILENT=true
[2017.08.24-02.39.08:403][ 47]LogSavePackage: Save=1.52ms
[2017.08.24-02.39.08:403][ 47]LogSavePackage: Moving '../../../../unreal/WoodWork/Saved/SM_WorkTabeB600CA53420F5D657872F8A044408E50.tmp' to '../../../../unreal/WoodWork/Content/Meshes/SM_WorkTabe.uasset'
[2017.08.24-02.39.08:403][ 47]LogSavePackage:Display: Finished SavePackage ../../../../unreal/WoodWork/Content/Meshes/SM_WorkTabe.uasset
[2017.08.24-02.39.17:250][ 90]LogEditorViewport: Clicking on Actor (LMB): StaticMeshActor (desalto_bend_in_fbx_upY)
[2017.08.24-02.39.24:831][995]LogEditorViewport: Clicking on Actor (LMB): StaticMeshActor (wood-pile)
[2017.08.24-02.39.30:166][623]LogEditorViewport: Clicking on Actor (LMB): BP_LongWoodenPlateFree_C (BP_LongWoodenPlateFree)
[2017.08.24-02.39.30:191][623]LogSlate: Took 0.001595 seconds to synchronously load lazily loaded font '../../../Engine/Content/Slate/Fonts/DroidSansFallback.ttf' (3848K)
[2017.08.24-02.39.30:991][715]Cmd: DELETE
[2017.08.24-02.39.30:991][715]Cmd: ACTOR DELETE
[2017.08.24-02.39.30:992][715]LogEditorActor: Deleted Actor: BP_LongWoodenPlateFree_C
[2017.08.24-02.39.31:006][715]LogEditorActor: Deleted 1 Actors (0.015 secs)
[2017.08.24-02.39.31:772][807]LogEditorViewport: Clicking on Actor (LMB): BP_Hammer_C (BP_Hammer2)
[2017.08.24-02.39.35:972][295]LogMaterial: Missing cached shader map for material Material_0, compiling. 
[2017.08.24-02.39.35:972][295]LogMaterial:Warning: Failed to compile Material /Engine/Transient.Material_0 for platform PCD3D_SM5, Default Material will be used in game.
[2017.08.24-02.39.35:972][295]LogMaterial:Warning: 	Only transparent or postprocess materials can read from scene depth.
[2017.08.24-02.40.00:274][386]Cmd: OBJ SAVEPACKAGE PACKAGE="/Game/Meshes/SM_HAMMER" FILE="../../../../unreal/WoodWork/Content/Meshes/SM_HAMMER.uasset" SILENT=true
[2017.08.24-02.40.00:286][386]LogSavePackage: Save=8.41ms
[2017.08.24-02.40.00:286][386]LogSavePackage: Moving '../../../../unreal/WoodWork/Saved/SM_HAMMERF9F8A1FA46B8F94E9E0949AFFFC42D6C.tmp' to '../../../../unreal/WoodWork/Content/Meshes/SM_HAMMER.uasset'
[2017.08.24-02.40.00:287][386]LogSavePackage:Display: Finished SavePackage ../../../../unreal/WoodWork/Content/Meshes/SM_HAMMER.uasset
[2017.08.24-02.40.12:888][491]LogEditorActor: Deleted Actor: BP_Nail_Free_C
[2017.08.24-02.40.12:894][491]LogEditorActor: Deleted 1 Actors (0.006 secs)
[2017.08.24-02.40.14:310][656]LogEditorActor: Deleted Actor: BP_Hammer_C
[2017.08.24-02.40.14:316][656]LogEditorActor: Deleted 1 Actors (0.007 secs)
[2017.08.24-02.40.32:482][787]Cmd: OBJ SAVEPACKAGE PACKAGE="/Game/Maps/L_WorkShop" FILE="../../../../unreal/WoodWork/Content/Maps/L_WorkShop.umap" SILENT=true AUTOSAVING=false KEEPDIRTY=false
[2017.08.24-02.40.32:576][787]LogSavePackage: Save=84.04ms
[2017.08.24-02.40.32:576][787]LogSavePackage: Moving '../../../../unreal/WoodWork/Saved/L_WorkShop7F10038F44E2671CBE648ABAE88493CD.tmp' to '../../../../unreal/WoodWork/Content/Maps/L_WorkShop.umap'
[2017.08.24-02.40.32:576][787]LogSavePackage:Display: Finished SavePackage ../../../../unreal/WoodWork/Content/Maps/L_WorkShop.umap
[2017.08.24-02.40.32:592][787]Cmd: OBJ SAVEPACKAGE PACKAGE="/Game/Maps/L_WorkShop_BuiltData" FILE="../../../../unreal/WoodWork/Content/Maps/L_WorkShop_BuiltData.uasset" SILENT=true
[2017.08.24-02.40.32:629][787]LogSavePackage: Save=34.05ms
[2017.08.24-02.40.32:629][787]LogSavePackage: Moving '../../../../unreal/WoodWork/Saved/L_WorkShop_BuiltData5D7DEFE54DC46C88A2C25493A46D19CA.tmp' to '../../../../unreal/WoodWork/Content/Maps/L_WorkShop_BuiltData.uasset'
[2017.08.24-02.40.32:630][787]LogSavePackage:Display: Finished SavePackage ../../../../unreal/WoodWork/Content/Maps/L_WorkShop_BuiltData.uasset
[2017.08.24-02.40.36:004][151]LogContentBrowser: Native class hierarchy updated for 'BlueprintGraph' in 0.0006 seconds. Added 112 classes and 0 folders.
[2017.08.24-02.40.36:420][151]LogSlate: Took 0.000074 seconds to synchronously load lazily loaded font '../../../Engine/Content/Slate/Fonts/Roboto-Regular.ttf' (155K)
[2017.08.24-02.40.36:479][151]LogBlueprintUserMessages: [BP_Nail_Free_C_1] Hello
[2017.08.24-02.40.36:481][151]LogSlate: Took 0.000111 seconds to synchronously load lazily loaded font '../../../Engine/Content/Editor/Slate/Fonts/Roboto-BoldCondensed.ttf' (158K)
[2017.08.24-02.40.36:596][152]LogSlate: Took 0.000105 seconds to synchronously load lazily loaded font '../../../Engine/Content/Editor/Slate/Fonts/Roboto-Italic.ttf' (157K)
[2017.08.24-02.41.22:290][673]Cmd: OBJ SAVEPACKAGE PACKAGE="/Game/BookCase/SM_Nail" FILE="../../../../unreal/WoodWork/Content/BookCase/SM_Nail.uasset" SILENT=true
[2017.08.24-02.41.22:300][673]LogSavePackage: Save=6.99ms
[2017.08.24-02.41.22:300][673]LogSavePackage: Moving '../../../../unreal/WoodWork/Saved/SM_Nail842951264E17BE5ECDAAFFA36F8AC850.tmp' to '../../../../unreal/WoodWork/Content/BookCase/SM_Nail.uasset'
[2017.08.24-02.41.22:301][673]LogSavePackage:Display: Finished SavePackage ../../../../unreal/WoodWork/Content/BookCase/SM_Nail.uasset
[2017.08.24-02.41.22:431][686]Cmd: OBJ SAVEPACKAGE PACKAGE="/Game/BookCase/SM_Nail" FILE="../../../../unreal/WoodWork/Content/BookCase/SM_Nail.uasset" SILENT=true
[2017.08.24-02.41.22:436][686]LogSavePackage: Save=1.31ms
[2017.08.24-02.41.22:436][686]LogSavePackage: Moving '../../../../unreal/WoodWork/Saved/SM_Nail4914F413451EFB02FBAF4CA236FC4F87.tmp' to '../../../../unreal/WoodWork/Content/BookCase/SM_Nail.uasset'
[2017.08.24-02.41.22:436][686]LogSavePackage:Display: Finished SavePackage ../../../../unreal/WoodWork/Content/BookCase/SM_Nail.uasset
[2017.08.24-02.41.34:372][  8]BlueprintLog: New page: Compile BP_Hammer
[2017.08.24-02.41.40:722][709]Cmd: OBJ SAVEPACKAGE PACKAGE="/Game/BookCase/BP_Hammer" FILE="../../../../unreal/WoodWork/Content/BookCase/BP_Hammer.uasset" SILENT=true
[2017.08.24-02.41.40:737][709]LogSavePackage: Save=11.30ms
[2017.08.24-02.41.40:737][709]LogSavePackage: Moving '../../../../unreal/WoodWork/Saved/BP_Hammer9D4993AD40272D2DE38B8381EB6F629D.tmp' to '../../../../unreal/WoodWork/Content/BookCase/BP_Hammer.uasset'
[2017.08.24-02.41.40:738][709]LogSavePackage:Display: Finished SavePackage ../../../../unreal/WoodWork/Content/BookCase/BP_Hammer.uasset
[2017.08.24-02.41.41:840][839]LogEditorViewport: Clicking on Actor (LMB): BP_Hammer_C (BP_Hammer2)
[2017.08.24-02.41.53:047][174]BlueprintLog: New page: Compile BP_Hammer
[2017.08.24-02.41.54:072][278]Cmd: OBJ SAVEPACKAGE PACKAGE="/Game/BookCase/BP_Hammer" FILE="../../../../unreal/WoodWork/Content/BookCase/BP_Hammer.uasset" SILENT=true
[2017.08.24-02.41.54:087][278]LogSavePackage: Save=11.30ms
[2017.08.24-02.41.54:087][278]LogSavePackage: Moving '../../../../unreal/WoodWork/Saved/BP_Hammer3B7963DB448CD10EB9221EA30FADB564.tmp' to '../../../../unreal/WoodWork/Content/BookCase/BP_Hammer.uasset'
[2017.08.24-02.41.54:087][278]LogSavePackage:Display: Finished SavePackage ../../../../unreal/WoodWork/Content/BookCase/BP_Hammer.uasset
[2017.08.24-02.41.54:213][292]Cmd: OBJ SAVEPACKAGE PACKAGE="/Game/BookCase/BP_Hammer" FILE="../../../../unreal/WoodWork/Content/BookCase/BP_Hammer.uasset" SILENT=true
[2017.08.24-02.41.54:223][292]LogSavePackage: Save=6.03ms
[2017.08.24-02.41.54:223][292]LogSavePackage: Moving '../../../../unreal/WoodWork/Saved/BP_Hammer12C9D4F641D742A19448B9B8A2F6ACBD.tmp' to '../../../../unreal/WoodWork/Content/BookCase/BP_Hammer.uasset'
[2017.08.24-02.41.54:223][292]LogSavePackage:Display: Finished SavePackage ../../../../unreal/WoodWork/Content/BookCase/BP_Hammer.uasset
[2017.08.24-02.41.56:122][513]LogEditorViewport: Clicking on Actor (LMB): StaticMeshActor (desalto_bend_in_fbx_upY)
[2017.08.24-02.41.57:056][618]LogEditorViewport: Clicking on Actor (LMB): BP_Nail_Free_C (BP_Nail_Free2)
[2017.08.24-02.42.05:764][627]LogBlueprintUserMessages: [BP_Nail_Free_C_0] Hello
[2017.08.24-02.43.31:059][795]BlueprintLog: New page: Compile BP_Nail_Free
[2017.08.24-02.43.33:749][ 89]LogEditorViewport: Clicking on Actor (LMB): BP_Hammer_C (BP_Hammer2)
[2017.08.24-02.44.06:967][995]BlueprintLog: New page: Compile BP_Hammer
[2017.08.24-02.44.08:875][190]LogEditorViewport: Clicking on Actor (LMB): BP_Hammer_C (BP_Hammer2)
[2017.08.24-02.44.09:338][244]LogEditorViewport: Clicking on Actor (LMB): BP_Hammer_C (BP_Hammer2)
[2017.08.24-02.44.12:511][620]LogEditorViewport: Clicking on Actor (LMB): BP_Hammer_C (BP_Hammer2)
[2017.08.24-02.44.28:053][454]BlueprintLog: New page: Compile BP_Hammer
[2017.08.24-02.44.51:129][182]Cmd: OBJ SAVEPACKAGE PACKAGE="/Game/Maps/L_WorkShop" FILE="../../../../unreal/WoodWork/Content/Maps/L_WorkShop.umap" SILENT=true AUTOSAVING=false KEEPDIRTY=false
[2017.08.24-02.44.51:241][182]LogSavePackage: Save=96.18ms
[2017.08.24-02.44.51:241][182]LogSavePackage: Moving '../../../../unreal/WoodWork/Saved/L_WorkShop08BA9B6E49D3D6892CC016AB6C5A5C15.tmp' to '../../../../unreal/WoodWork/Content/Maps/L_WorkShop.umap'
[2017.08.24-02.44.51:241][182]LogSavePackage:Display: Finished SavePackage ../../../../unreal/WoodWork/Content/Maps/L_WorkShop.umap
[2017.08.24-02.44.51:257][182]Cmd: OBJ SAVEPACKAGE PACKAGE="/Game/Maps/L_WorkShop_BuiltData" FILE="../../../../unreal/WoodWork/Content/Maps/L_WorkShop_BuiltData.uasset" SILENT=true
[2017.08.24-02.44.51:285][182]LogSavePackage: Save=24.96ms
[2017.08.24-02.44.51:285][182]LogSavePackage: Moving '../../../../unreal/WoodWork/Saved/L_WorkShop_BuiltData963D9D2B4CB4B5AC29C2ADB55DAD0E1A.tmp' to '../../../../unreal/WoodWork/Content/Maps/L_WorkShop_BuiltData.uasset'
[2017.08.24-02.44.51:285][182]LogSavePackage:Display: Finished SavePackage ../../../../unreal/WoodWork/Content/Maps/L_WorkShop_BuiltData.uasset
[2017.08.24-02.45.03:035][584]BlueprintLog: New page: Compile BP_Hammer
[2017.08.24-02.45.03:437][611]Cmd: OBJ SAVEPACKAGE PACKAGE="/Game/BookCase/BP_Hammer" FILE="../../../../unreal/WoodWork/Content/BookCase/BP_Hammer.uasset" SILENT=true
[2017.08.24-02.45.03:453][611]LogSavePackage: Save=12.09ms
[2017.08.24-02.45.03:453][611]LogSavePackage: Moving '../../../../unreal/WoodWork/Saved/BP_HammerCC1CBA504AE0F8D52E0BF3BC9C3B35AB.tmp' to '../../../../unreal/WoodWork/Content/BookCase/BP_Hammer.uasset'
[2017.08.24-02.45.03:453][611]LogSavePackage:Display: Finished SavePackage ../../../../unreal/WoodWork/Content/BookCase/BP_Hammer.uasset
[2017.08.24-02.45.05:226][822]LogEditorViewport: Clicking on Actor (LMB): BP_Hammer_C (BP_Hammer)
[2017.08.24-02.45.05:485][852]Cmd: DELETE
[2017.08.24-02.45.05:485][852]Cmd: ACTOR DELETE
[2017.08.24-02.45.05:485][852]LogEditorActor: Deleted Actor: BP_Hammer_C
[2017.08.24-02.45.05:497][852]LogEditorActor: Deleted 1 Actors (0.012 secs)
[2017.08.24-02.45.50:683][248]BlueprintLog: New page: Compile BP_Hammer
[2017.08.24-02.46.03:322][724]LogEditorViewport: Clicking on Actor (LMB): BP_Hammer_C (BP_Hammer2)
[2017.08.24-02.46.03:507][741]Cmd: DELETE
[2017.08.24-02.46.03:507][741]Cmd: ACTOR DELETE
[2017.08.24-02.46.03:508][741]LogEditorActor: Deleted Actor: BP_Hammer_C
[2017.08.24-02.46.03:520][741]LogEditorActor: Deleted 1 Actors (0.013 secs)
[2017.08.24-02.46.05:252][948]LogEditorViewport: Clicking on Actor (LMB): BP_Hammer_C (BP_Hammer)
[2017.08.24-02.46.24:953][272]Cmd: OBJ SAVEPACKAGE PACKAGE="/Game/BookCase/BP_Hammer" FILE="../../../../unreal/WoodWork/Content/BookCase/BP_Hammer.uasset" SILENT=true
[2017.08.24-02.46.24:968][272]LogSavePackage: Save=11.80ms
[2017.08.24-02.46.24:968][272]LogSavePackage: Moving '../../../../unreal/WoodWork/Saved/BP_Hammer496522DF4A216D2476A45C8B97454780.tmp' to '../../../../unreal/WoodWork/Content/BookCase/BP_Hammer.uasset'
[2017.08.24-02.46.24:969][272]LogSavePackage:Display: Finished SavePackage ../../../../unreal/WoodWork/Content/BookCase/BP_Hammer.uasset
[2017.08.24-02.46.36:736][678]BlueprintLog: New page: Compile BP_Hammer
[2017.08.24-02.46.38:501][871]LogTemp: Repeting last play command: Simulate
[2017.08.24-02.46.38:512][871]LogBlueprintUserMessages: Early PlayInEditor Detection: Level '/Game/Maps/L_WorkShop.L_WorkShop:PersistentLevel' has LevelScriptBlueprint '/Game/Maps/L_WorkShop.L_WorkShop:PersistentLevel.L_WorkShop' with GeneratedClass '/Game/Maps/L_WorkShop.L_WorkShop_C' with ClassGeneratedBy '/Game/Maps/L_WorkShop.L_WorkShop:PersistentLevel.L_WorkShop'
[2017.08.24-02.46.38:512][871]LogPlayLevel: PlayLevel: No blueprints needed recompiling
[2017.08.24-02.46.38:543][871]PIE: New page: SIE session: L_WorkShop (Aug 24, 2017, 8:46:38 PM)
[2017.08.24-02.46.38:550][871]LogPlayLevel: Creating play world package: /Game/Maps/UEDPIE_0_L_WorkShop
[2017.08.24-02.46.38:563][871]LogPlayLevel: PIE: StaticDuplicateObject took: (0.012641s)
[2017.08.24-02.46.38:563][871]LogAIModule: Creating AISystem for world L_WorkShop
[2017.08.24-02.46.38:564][871]LogPlayLevel: PIE: World Init took: (0.000430s)
[2017.08.24-02.46.38:564][871]LogPlayLevel: PIE: Created PIE world by copying editor world from /Game/Maps/L_WorkShop.L_WorkShop to /Game/Maps/UEDPIE_0_L_WorkShop.L_WorkShop (0.020298s)
[2017.08.24-02.46.38:577][871]LogInit: XAudio2 using 'Realtek Digital Output(Realtek High Definition Audio)' : 2 channels at 48 kHz using 16 bits per sample (channel mask 0x3)
[2017.08.24-02.46.38:583][871]LogInit: FAudioDevice initialized.
[2017.08.24-02.46.38:660][871]LogLoad: Game class is 'BP_CarpenterMode_C'
[2017.08.24-02.46.38:685][871]LogWorld: Bringing World /Game/Maps/UEDPIE_0_L_WorkShop.L_WorkShop up for play (max tick rate 0) at 2017.08.24-11.46.38
[2017.08.24-02.46.38:691][871]LogWorld: Bringing up level for play took: 0.007474
[2017.08.24-02.46.38:747][871]LogContentBrowser: Native class hierarchy updated for 'MovieSceneCapture' in 0.0005 seconds. Added 11 classes and 0 folders.
[2017.08.24-02.46.38:754][871]PIE: Info Play in editor start time for /Game/Maps/UEDPIE_0_L_WorkShop 0.707
[2017.08.24-02.46.38:801][871]LogBlueprintUserMessages: Late PlayInEditor Detection: Level '/Game/Maps/L_WorkShop.L_WorkShop:PersistentLevel' has LevelScriptBlueprint '/Game/Maps/L_WorkShop.L_WorkShop:PersistentLevel.L_WorkShop' with GeneratedClass '/Game/Maps/L_WorkShop.L_WorkShop_C' with ClassGeneratedBy '/Game/Maps/L_WorkShop.L_WorkShop:PersistentLevel.L_WorkShop'
[2017.08.24-02.46.39:023][889]LogBlueprintUserMessages: [BP_Nail_Free2_182] Hit
[2017.08.24-02.46.39:033][890]LogBlueprintUserMessages: [BP_Nail_Free2_182] Hit
[2017.08.24-02.46.39:041][891]LogBlueprintUserMessages: [BP_Nail_Free2_182] Hit
[2017.08.24-02.46.39:050][892]LogBlueprintUserMessages: [BP_Nail_Free2_182] Hit
[2017.08.24-02.46.39:058][893]LogBlueprintUserMessages: [BP_Nail_Free2_182] Hit
[2017.08.24-02.46.39:066][894]LogBlueprintUserMessages: [BP_Nail_Free2_182] Hit
[2017.08.24-02.46.39:075][895]LogBlueprintUserMessages: [BP_Nail_Free2_182] Hit
[2017.08.24-02.46.39:083][896]LogBlueprintUserMessages: [BP_Nail_Free2_182] Hit
[2017.08.24-02.46.39:091][897]LogBlueprintUserMessages: [BP_Nail_Free2_182] Hit
[2017.08.24-02.46.39:100][898]LogBlueprintUserMessages: [BP_Nail_Free2_182] Hit
[2017.08.24-02.46.39:108][899]LogBlueprintUserMessages: [BP_Nail_Free2_182] Hit
[2017.08.24-02.46.39:116][900]LogBlueprintUserMessages: [BP_Nail_Free2_182] Hit
[2017.08.24-02.46.39:125][901]LogBlueprintUserMessages: [BP_Nail_Free2_182] Hit
[2017.08.24-02.46.39:133][902]LogBlueprintUserMessages: [BP_Nail_Free2_182] Hit
[2017.08.24-02.46.39:141][903]LogBlueprintUserMessages: [BP_Nail_Free2_182] Hit
[2017.08.24-02.46.39:150][904]LogBlueprintUserMessages: [BP_Nail_Free2_182] Hit
[2017.08.24-02.46.39:158][905]LogBlueprintUserMessages: [BP_Nail_Free2_182] Hit
[2017.08.24-02.46.39:166][906]LogBlueprintUserMessages: [BP_Nail_Free2_182] Hit
[2017.08.24-02.46.39:175][907]LogBlueprintUserMessages: [BP_Nail_Free2_182] Hit
[2017.08.24-02.46.39:183][908]LogBlueprintUserMessages: [BP_Nail_Free2_182] Hit
[2017.08.24-02.46.39:191][909]LogBlueprintUserMessages: [BP_Nail_Free2_182] Hit
[2017.08.24-02.46.39:200][910]LogBlueprintUserMessages: [BP_Nail_Free2_182] Hit
[2017.08.24-02.46.39:208][911]LogBlueprintUserMessages: [BP_Nail_Free2_182] Hit
[2017.08.24-02.46.39:216][912]LogBlueprintUserMessages: [BP_Nail_Free2_182] Hit
[2017.08.24-02.46.39:224][913]LogBlueprintUserMessages: [BP_Nail_Free2_182] Hit
[2017.08.24-02.46.39:233][914]LogBlueprintUserMessages: [BP_Nail_Free2_182] Hit
[2017.08.24-02.46.39:241][915]LogBlueprintUserMessages: [BP_Nail_Free2_182] Hit
[2017.08.24-02.46.40:568][ 73]LogBlueprintUserMessages: Early EndPlayMap Detection: Level '/Game/Maps/L_WorkShop.L_WorkShop:PersistentLevel' has LevelScriptBlueprint '/Game/Maps/L_WorkShop.L_WorkShop:PersistentLevel.L_WorkShop' with GeneratedClass '/Game/Maps/L_WorkShop.L_WorkShop_C' with ClassGeneratedBy '/Game/Maps/L_WorkShop.L_WorkShop:PersistentLevel.L_WorkShop'
[2017.08.24-02.46.40:625][ 73]LogBlueprintUserMessages: Late EndPlayMap Detection: Level '/Game/Maps/L_WorkShop.L_WorkShop:PersistentLevel' has LevelScriptBlueprint '/Game/Maps/L_WorkShop.L_WorkShop:PersistentLevel.L_WorkShop' with GeneratedClass '/Game/Maps/L_WorkShop.L_WorkShop_C' with ClassGeneratedBy '/Game/Maps/L_WorkShop.L_WorkShop:PersistentLevel.L_WorkShop'
[2017.08.24-02.47.10:460][576]BlueprintLog: New page: Compile BP_Nail_Free
[2017.08.24-02.48.11:585][799]Cmd: OBJ SAVEPACKAGE PACKAGE="/Game/BookCase/BP_Nail_Free" FILE="../../../../unreal/WoodWork/Content/BookCase/BP_Nail_Free.uasset" SILENT=true
[2017.08.24-02.48.11:624][799]LogSavePackage: Save=35.56ms
[2017.08.24-02.48.11:624][799]LogSavePackage: Moving '../../../../unreal/WoodWork/Saved/BP_Nail_FreeB42E26384764CC6E200882BD296E28AF.tmp' to '../../../../unreal/WoodWork/Content/BookCase/BP_Nail_Free.uasset'
[2017.08.24-02.48.11:624][799]LogSavePackage:Display: Finished SavePackage ../../../../unreal/WoodWork/Content/BookCase/BP_Nail_Free.uasset
[2017.08.24-02.48.24:519][341]BlueprintLog: New page: Compile BP_Nail_Free
[2017.08.24-02.48.25:867][480]LogTemp: Repeting last play command: Simulate
[2017.08.24-02.48.25:874][480]LogBlueprintUserMessages: Early PlayInEditor Detection: Level '/Game/Maps/L_WorkShop.L_WorkShop:PersistentLevel' has LevelScriptBlueprint '/Game/Maps/L_WorkShop.L_WorkShop:PersistentLevel.L_WorkShop' with GeneratedClass '/Game/Maps/L_WorkShop.L_WorkShop_C' with ClassGeneratedBy '/Game/Maps/L_WorkShop.L_WorkShop:PersistentLevel.L_WorkShop'
[2017.08.24-02.48.25:874][480]LogPlayLevel: PlayLevel: No blueprints needed recompiling
[2017.08.24-02.48.25:874][480]PIE: New page: SIE session: L_WorkShop (Aug 24, 2017, 8:48:25 PM)
[2017.08.24-02.48.25:874][480]LogPlayLevel: Creating play world package: /Game/Maps/UEDPIE_0_L_WorkShop
[2017.08.24-02.48.25:879][480]LogPlayLevel: PIE: StaticDuplicateObject took: (0.004394s)
[2017.08.24-02.48.25:879][480]LogAIModule: Creating AISystem for world L_WorkShop
[2017.08.24-02.48.25:879][480]LogPlayLevel: PIE: World Init took: (0.000437s)
[2017.08.24-02.48.25:879][480]LogPlayLevel: PIE: Created PIE world by copying editor world from /Game/Maps/L_WorkShop.L_WorkShop to /Game/Maps/UEDPIE_0_L_WorkShop.L_WorkShop (0.004978s)
[2017.08.24-02.48.25:893][480]LogInit: XAudio2 using 'Realtek Digital Output(Realtek High Definition Audio)' : 2 channels at 48 kHz using 16 bits per sample (channel mask 0x3)
[2017.08.24-02.48.25:897][480]LogInit: FAudioDevice initialized.
[2017.08.24-02.48.25:926][480]LogLoad: Game class is 'BP_CarpenterMode_C'
[2017.08.24-02.48.25:929][480]LogWorld: Bringing World /Game/Maps/UEDPIE_0_L_WorkShop.L_WorkShop up for play (max tick rate 0) at 2017.08.24-11.48.25
[2017.08.24-02.48.25:929][480]LogWorld: Bringing up level for play took: 0.001782
[2017.08.24-02.48.25:929][480]PIE: Info Play in editor start time for /Game/Maps/UEDPIE_0_L_WorkShop -0.12
[2017.08.24-02.48.25:942][480]LogBlueprintUserMessages: Late PlayInEditor Detection: Level '/Game/Maps/L_WorkShop.L_WorkShop:PersistentLevel' has LevelScriptBlueprint '/Game/Maps/L_WorkShop.L_WorkShop:PersistentLevel.L_WorkShop' with GeneratedClass '/Game/Maps/L_WorkShop.L_WorkShop_C' with ClassGeneratedBy '/Game/Maps/L_WorkShop.L_WorkShop:PersistentLevel.L_WorkShop'
[2017.08.24-02.48.26:032][490]LogBlueprintUserMessages: [BP_Nail_Free2_182] Hello
[2017.08.24-02.48.26:082][496]LogBlueprintUserMessages: [BP_Nail_Free2_182] Hit
[2017.08.24-02.48.26:091][497]LogBlueprintUserMessages: [BP_Nail_Free2_182] Hit
[2017.08.24-02.48.26:099][498]LogBlueprintUserMessages: [BP_Nail_Free2_182] Hit
[2017.08.24-02.48.26:174][507]LogBlueprintUserMessages: [BP_Nail_Free2_182] Hit
[2017.08.24-02.48.26:182][508]LogBlueprintUserMessages: [BP_Nail_Free2_182] Hit
[2017.08.24-02.48.26:191][509]LogBlueprintUserMessages: [BP_Nail_Free2_182] Hit
[2017.08.24-02.48.26:199][510]LogBlueprintUserMessages: [BP_Nail_Free2_182] Hit
[2017.08.24-02.48.26:207][511]LogBlueprintUserMessages: [BP_Nail_Free2_182] Hit
[2017.08.24-02.48.26:216][512]LogBlueprintUserMessages: [BP_Nail_Free2_182] Hit
[2017.08.24-02.48.26:224][513]LogBlueprintUserMessages: [BP_Nail_Free2_182] Hit
[2017.08.24-02.48.26:232][514]LogBlueprintUserMessages: [BP_Nail_Free2_182] Hit
[2017.08.24-02.48.26:241][515]LogBlueprintUserMessages: [BP_Nail_Free2_182] Hit
[2017.08.24-02.48.26:249][516]LogBlueprintUserMessages: [BP_Nail_Free2_182] Hit
[2017.08.24-02.48.26:258][517]LogBlueprintUserMessages: [BP_Nail_Free2_182] Hit
[2017.08.24-02.48.26:266][518]LogBlueprintUserMessages: [BP_Nail_Free2_182] Hit
[2017.08.24-02.48.26:274][519]LogBlueprintUserMessages: [BP_Nail_Free2_182] Hit
[2017.08.24-02.48.26:282][520]LogBlueprintUserMessages: [BP_Nail_Free2_182] Hit
[2017.08.24-02.48.26:291][521]LogBlueprintUserMessages: [BP_Nail_Free2_182] Hit
[2017.08.24-02.48.26:299][522]LogBlueprintUserMessages: [BP_Nail_Free2_182] Hit
[2017.08.24-02.48.26:307][523]LogBlueprintUserMessages: [BP_Nail_Free2_182] Hit
[2017.08.24-02.48.26:316][524]LogBlueprintUserMessages: [BP_Nail_Free2_182] Hit
[2017.08.24-02.48.26:324][525]LogBlueprintUserMessages: [BP_Nail_Free2_182] Hit
[2017.08.24-02.48.26:332][526]LogBlueprintUserMessages: [BP_Nail_Free2_182] Hit
[2017.08.24-02.48.26:341][527]LogBlueprintUserMessages: [BP_Nail_Free2_182] Hit
[2017.08.24-02.48.26:349][528]LogBlueprintUserMessages: [BP_Nail_Free2_182] Hit
[2017.08.24-02.48.26:357][529]LogBlueprintUserMessages: [BP_Nail_Free2_182] Hit
[2017.08.24-02.48.26:366][530]LogBlueprintUserMessages: [BP_Nail_Free2_182] Hit
[2017.08.24-02.48.26:374][531]LogBlueprintUserMessages: [BP_Nail_Free2_182] Hit
[2017.08.24-02.48.26:383][532]LogBlueprintUserMessages: [BP_Nail_Free2_182] Hit
[2017.08.24-02.48.26:391][533]LogBlueprintUserMessages: [BP_Nail_Free2_182] Hit
[2017.08.24-02.48.26:399][534]LogBlueprintUserMessages: [BP_Nail_Free2_182] Hit
[2017.08.24-02.48.26:407][535]LogBlueprintUserMessages: [BP_Nail_Free2_182] Hit
[2017.08.24-02.48.26:416][536]LogBlueprintUserMessages: [BP_Nail_Free2_182] Hit
[2017.08.24-02.48.26:424][537]LogBlueprintUserMessages: [BP_Nail_Free2_182] Hit
[2017.08.24-02.48.26:433][538]LogBlueprintUserMessages: [BP_Nail_Free2_182] Hit
[2017.08.24-02.48.26:441][539]LogBlueprintUserMessages: [BP_Nail_Free2_182] Hit
[2017.08.24-02.48.26:449][540]LogBlueprintUserMessages: [BP_Nail_Free2_182] Hit
[2017.08.24-02.48.26:457][541]LogBlueprintUserMessages: [BP_Nail_Free2_182] Hit
[2017.08.24-02.48.26:466][542]LogBlueprintUserMessages: [BP_Nail_Free2_182] Hit
[2017.08.24-02.48.26:474][543]LogBlueprintUserMessages: [BP_Nail_Free2_182] Hit
[2017.08.24-02.48.26:482][544]LogBlueprintUserMessages: [BP_Nail_Free2_182] Hit
[2017.08.24-02.48.26:491][545]LogBlueprintUserMessages: [BP_Nail_Free2_182] Hit
[2017.08.24-02.48.26:499][546]LogBlueprintUserMessages: [BP_Nail_Free2_182] Hit
[2017.08.24-02.48.27:266][638]LogBlueprintUserMessages: Early EndPlayMap Detection: Level '/Game/Maps/L_WorkShop.L_WorkShop:PersistentLevel' has LevelScriptBlueprint '/Game/Maps/L_WorkShop.L_WorkShop:PersistentLevel.L_WorkShop' with GeneratedClass '/Game/Maps/L_WorkShop.L_WorkShop_C' with ClassGeneratedBy '/Game/Maps/L_WorkShop.L_WorkShop:PersistentLevel.L_WorkShop'
[2017.08.24-02.48.27:312][638]LogBlueprintUserMessages: Late EndPlayMap Detection: Level '/Game/Maps/L_WorkShop.L_WorkShop:PersistentLevel' has LevelScriptBlueprint '/Game/Maps/L_WorkShop.L_WorkShop:PersistentLevel.L_WorkShop' with GeneratedClass '/Game/Maps/L_WorkShop.L_WorkShop_C' with ClassGeneratedBy '/Game/Maps/L_WorkShop.L_WorkShop:PersistentLevel.L_WorkShop'
[2017.08.24-02.50.12:808][ 13]BlueprintLog: New page: Compile BP_Nail_Free
[2017.08.24-02.50.14:204][130]LogTemp: Repeting last play command: Simulate
[2017.08.24-02.50.14:211][130]LogBlueprintUserMessages: Early PlayInEditor Detection: Level '/Game/Maps/L_WorkShop.L_WorkShop:PersistentLevel' has LevelScriptBlueprint '/Game/Maps/L_WorkShop.L_WorkShop:PersistentLevel.L_WorkShop' with GeneratedClass '/Game/Maps/L_WorkShop.L_WorkShop_C' with ClassGeneratedBy '/Game/Maps/L_WorkShop.L_WorkShop:PersistentLevel.L_WorkShop'
[2017.08.24-02.50.14:211][130]LogPlayLevel: PlayLevel: No blueprints needed recompiling
[2017.08.24-02.50.14:211][130]PIE: New page: SIE session: L_WorkShop (Aug 24, 2017, 8:50:14 PM)
[2017.08.24-02.50.14:211][130]LogPlayLevel: Creating play world package: /Game/Maps/UEDPIE_0_L_WorkShop
[2017.08.24-02.50.14:216][130]LogPlayLevel: PIE: StaticDuplicateObject took: (0.004160s)
[2017.08.24-02.50.14:216][130]LogAIModule: Creating AISystem for world L_WorkShop
[2017.08.24-02.50.14:216][130]LogPlayLevel: PIE: World Init took: (0.000433s)
[2017.08.24-02.50.14:216][130]LogPlayLevel: PIE: Created PIE world by copying editor world from /Game/Maps/L_WorkShop.L_WorkShop to /Game/Maps/UEDPIE_0_L_WorkShop.L_WorkShop (0.004737s)
[2017.08.24-02.50.14:230][130]LogInit: XAudio2 using 'Realtek Digital Output(Realtek High Definition Audio)' : 2 channels at 48 kHz using 16 bits per sample (channel mask 0x3)
[2017.08.24-02.50.14:234][130]LogInit: FAudioDevice initialized.
[2017.08.24-02.50.14:260][130]LogLoad: Game class is 'BP_CarpenterMode_C'
[2017.08.24-02.50.14:262][130]LogWorld: Bringing World /Game/Maps/UEDPIE_0_L_WorkShop.L_WorkShop up for play (max tick rate 0) at 2017.08.24-11.50.14
[2017.08.24-02.50.14:262][130]LogWorld: Bringing up level for play took: 0.001684
[2017.08.24-02.50.14:263][130]PIE: Info Play in editor start time for /Game/Maps/UEDPIE_0_L_WorkShop 0.21
[2017.08.24-02.50.14:275][130]LogBlueprintUserMessages: Late PlayInEditor Detection: Level '/Game/Maps/L_WorkShop.L_WorkShop:PersistentLevel' has LevelScriptBlueprint '/Game/Maps/L_WorkShop.L_WorkShop:PersistentLevel.L_WorkShop' with GeneratedClass '/Game/Maps/L_WorkShop.L_WorkShop_C' with ClassGeneratedBy '/Game/Maps/L_WorkShop.L_WorkShop:PersistentLevel.L_WorkShop'
[2017.08.24-02.50.17:825][513]LogBlueprintUserMessages: Early EndPlayMap Detection: Level '/Game/Maps/L_WorkShop.L_WorkShop:PersistentLevel' has LevelScriptBlueprint '/Game/Maps/L_WorkShop.L_WorkShop:PersistentLevel.L_WorkShop' with GeneratedClass '/Game/Maps/L_WorkShop.L_WorkShop_C' with ClassGeneratedBy '/Game/Maps/L_WorkShop.L_WorkShop:PersistentLevel.L_WorkShop'
[2017.08.24-02.50.17:872][513]LogBlueprintUserMessages: Late EndPlayMap Detection: Level '/Game/Maps/L_WorkShop.L_WorkShop:PersistentLevel' has LevelScriptBlueprint '/Game/Maps/L_WorkShop.L_WorkShop:PersistentLevel.L_WorkShop' with GeneratedClass '/Game/Maps/L_WorkShop.L_WorkShop_C' with ClassGeneratedBy '/Game/Maps/L_WorkShop.L_WorkShop:PersistentLevel.L_WorkShop'
[2017.08.24-02.50.20:615][826]BlueprintLog: New page: Compile BP_Nail_Free
[2017.08.24-02.50.21:658][922]LogTemp: Repeting last play command: Simulate
[2017.08.24-02.50.21:664][922]LogBlueprintUserMessages: Early PlayInEditor Detection: Level '/Game/Maps/L_WorkShop.L_WorkShop:PersistentLevel' has LevelScriptBlueprint '/Game/Maps/L_WorkShop.L_WorkShop:PersistentLevel.L_WorkShop' with GeneratedClass '/Game/Maps/L_WorkShop.L_WorkShop_C' with ClassGeneratedBy '/Game/Maps/L_WorkShop.L_WorkShop:PersistentLevel.L_WorkShop'
[2017.08.24-02.50.21:664][922]LogPlayLevel: PlayLevel: No blueprints needed recompiling
[2017.08.24-02.50.21:665][922]PIE: New page: SIE session: L_WorkShop (Aug 24, 2017, 8:50:21 PM)
[2017.08.24-02.50.21:665][922]LogPlayLevel: Creating play world package: /Game/Maps/UEDPIE_0_L_WorkShop
[2017.08.24-02.50.21:669][922]LogPlayLevel: PIE: StaticDuplicateObject took: (0.004288s)
[2017.08.24-02.50.21:669][922]LogAIModule: Creating AISystem for world L_WorkShop
[2017.08.24-02.50.21:669][922]LogPlayLevel: PIE: World Init took: (0.000426s)
[2017.08.24-02.50.21:669][922]LogPlayLevel: PIE: Created PIE world by copying editor world from /Game/Maps/L_WorkShop.L_WorkShop to /Game/Maps/UEDPIE_0_L_WorkShop.L_WorkShop (0.004860s)
[2017.08.24-02.50.21:683][922]LogInit: XAudio2 using 'Realtek Digital Output(Realtek High Definition Audio)' : 2 channels at 48 kHz using 16 bits per sample (channel mask 0x3)
[2017.08.24-02.50.21:688][922]LogInit: FAudioDevice initialized.
[2017.08.24-02.50.21:715][922]LogLoad: Game class is 'BP_CarpenterMode_C'
[2017.08.24-02.50.21:717][922]LogWorld: Bringing World /Game/Maps/UEDPIE_0_L_WorkShop.L_WorkShop up for play (max tick rate 0) at 2017.08.24-11.50.21
[2017.08.24-02.50.21:718][922]LogWorld: Bringing up level for play took: 0.001665
[2017.08.24-02.50.21:718][922]PIE: Info Play in editor start time for /Game/Maps/UEDPIE_0_L_WorkShop -0.334
[2017.08.24-02.50.21:731][922]LogBlueprintUserMessages: Late PlayInEditor Detection: Level '/Game/Maps/L_WorkShop.L_WorkShop:PersistentLevel' has LevelScriptBlueprint '/Game/Maps/L_WorkShop.L_WorkShop:PersistentLevel.L_WorkShop' with GeneratedClass '/Game/Maps/L_WorkShop.L_WorkShop_C' with ClassGeneratedBy '/Game/Maps/L_WorkShop.L_WorkShop:PersistentLevel.L_WorkShop'
[2017.08.24-02.50.21:872][938]LogBlueprintUserMessages: [BP_Nail_Free2_182] Hit
[2017.08.24-02.50.23:466][109]LogEditorViewport: Clicking on Actor (LMB): BP_Nail_Free_C (BP_Nail_Free2)
[2017.08.24-02.50.23:989][157]LogEditorViewport: Clicking on Actor (LMB): BP_Shelf_C (BP_Shelf2)
[2017.08.24-02.50.24:446][201]LogEditorViewport: Clicking on Actor (LMB): BP_Hammer_C (BP_Hammer)
[2017.08.24-02.50.27:448][471]LogEditorViewport: Clicking on Actor (LMB): BP_Hammer_C (BP_Hammer)
[2017.08.24-02.50.28:071][538]LogEditorViewport: Clicking on Actor (LMB): BP_Hammer_C (BP_Hammer)
[2017.08.24-02.50.36:807][520]LogEditorViewport: Clicking on Component (LMB): StaticMeshComponent (Hammer)
[2017.08.24-02.50.37:270][569]LogEditorViewport: Clicking on Component (LMB): StaticMeshComponent (Hammer)
[2017.08.24-02.50.37:652][609]LogEditorViewport: Clicking on Component (LMB): StaticMeshComponent (Hammer)
[2017.08.24-02.50.38:623][702]LogBlueprintUserMessages: [BP_Nail_Free2_182] Hit
[2017.08.24-02.50.39:738][820]LogEditorViewport: Clicking on Component (LMB): StaticMeshComponent (Hammer)
[2017.08.24-02.50.44:689][253]LogEditorViewport: Clicking on Actor (LMB): BP_Hammer_C (BP_Hammer)
[2017.08.24-02.50.47:714][566]LogEditorViewport: Clicking on Actor (LMB): BP_Hammer_C (BP_Hammer)
[2017.08.24-02.50.48:030][602]LogEditorViewport: Clicking on Component (LMB): StaticMeshComponent (Hammer)
[2017.08.24-02.50.48:300][625]LogEditorViewport: Clicking on Component (LMB): StaticMeshComponent (Hammer)
[2017.08.24-02.50.49:615][756]LogBlueprintUserMessages: [BP_Nail_Free2_182] Hit
[2017.08.24-02.50.52:880][ 94]LogEditorViewport: Clicking on Component (LMB): StaticMeshComponent (Hammer)
[2017.08.24-02.50.53:553][168]LogEditorViewport: Clicking on Component (LMB): StaticMeshComponent (Hammer)
[2017.08.24-02.50.53:833][198]LogEditorViewport: Clicking on Actor (double click): BP_Hammer_C (BP_Hammer)
[2017.08.24-02.50.54:130][227]LogEditorViewport: Clicking on Actor (LMB): BP_Hammer_C (BP_Hammer)
[2017.08.24-02.50.57:959][639]LogEditorViewport: Clicking on Component (LMB): StaticMeshComponent (Hammer)
[2017.08.24-02.50.58:389][686]LogEditorViewport: Clicking on Component (LMB): StaticMeshComponent (Hammer)
[2017.08.24-02.50.58:508][699]LogEditorViewport: Clicking on Actor (double click): BP_Hammer_C (BP_Hammer)
[2017.08.24-02.50.59:577][811]LogEditorViewport: Clicking on Actor (LMB): BP_Hammer_C (BP_Hammer)
[2017.08.24-02.50.59:990][854]LogEditorViewport: Clicking on Actor (LMB): BP_Hammer_C (BP_Hammer)
[2017.08.24-02.51.00:907][951]LogEditorViewport: Clicking on Actor (LMB): BP_Hammer_C (BP_Hammer)
[2017.08.24-02.51.01:011][962]LogEditorViewport: Clicking on Component (LMB): StaticMeshComponent (Hammer)
[2017.08.24-02.51.02:990][159]LogBlueprintUserMessages: [BP_Nail_Free2_182] Hit
[2017.08.24-02.51.03:280][180]LogBlueprintUserMessages: [BP_Nail_Free2_182] Hit
[2017.08.24-02.51.03:736][212]LogBlueprintUserMessages: [BP_Nail_Free2_182] Hit
[2017.08.24-02.51.04:129][240]LogBlueprintUserMessages: [BP_Nail_Free2_182] Hit
[2017.08.24-02.51.04:143][241]LogBlueprintUserMessages: [BP_Nail_Free2_182] Hit
[2017.08.24-02.51.04:644][277]LogBlueprintUserMessages: [BP_Nail_Free2_182] Hit
[2017.08.24-02.51.04:838][291]LogBlueprintUserMessages: [BP_Nail_Free2_182] Hit
[2017.08.24-02.51.04:852][292]LogBlueprintUserMessages: [BP_Nail_Free2_182] Hit
[2017.08.24-02.51.04:866][293]LogBlueprintUserMessages: [BP_Nail_Free2_182] Hit
[2017.08.24-02.51.04:992][302]LogBlueprintUserMessages: [BP_Nail_Free2_182] Hit
[2017.08.24-02.51.05:175][315]LogBlueprintUserMessages: [BP_Nail_Free2_182] Hit
[2017.08.24-02.51.05:189][316]LogBlueprintUserMessages: [BP_Nail_Free2_182] Hit
[2017.08.24-02.51.05:204][317]LogBlueprintUserMessages: [BP_Nail_Free2_182] Hit
[2017.08.24-02.51.05:303][324]LogBlueprintUserMessages: [BP_Nail_Free2_182] Hit
[2017.08.24-02.51.05:540][341]LogBlueprintUserMessages: [BP_Nail_Free2_182] Hit
[2017.08.24-02.51.05:681][351]LogBlueprintUserMessages: [BP_Nail_Free2_182] Hit
[2017.08.24-02.51.06:211][389]LogBlueprintUserMessages: [BP_Nail_Free2_182] Hit
[2017.08.24-02.51.06:509][410]LogBlueprintUserMessages: [BP_Nail_Free2_182] Hit
[2017.08.24-02.51.06:748][427]LogBlueprintUserMessages: [BP_Nail_Free2_182] Hit
[2017.08.24-02.51.06:763][428]LogBlueprintUserMessages: [BP_Nail_Free2_182] Hit
[2017.08.24-02.51.06:919][439]LogBlueprintUserMessages: [BP_Nail_Free2_182] Hit
[2017.08.24-02.51.07:187][458]LogBlueprintUserMessages: [BP_Nail_Free2_182] Hit
[2017.08.24-02.51.09:008][627]LogEditorViewport: Clicking on Component (LMB): StaticMeshComponent (Hammer)
[2017.08.24-02.51.13:311][133]LogBlueprintUserMessages: Early EndPlayMap Detection: Level '/Game/Maps/L_WorkShop.L_WorkShop:PersistentLevel' has LevelScriptBlueprint '/Game/Maps/L_WorkShop.L_WorkShop:PersistentLevel.L_WorkShop' with GeneratedClass '/Game/Maps/L_WorkShop.L_WorkShop_C' with ClassGeneratedBy '/Game/Maps/L_WorkShop.L_WorkShop:PersistentLevel.L_WorkShop'
[2017.08.24-02.51.13:358][133]LogBlueprintUserMessages: Late EndPlayMap Detection: Level '/Game/Maps/L_WorkShop.L_WorkShop:PersistentLevel' has LevelScriptBlueprint '/Game/Maps/L_WorkShop.L_WorkShop:PersistentLevel.L_WorkShop' with GeneratedClass '/Game/Maps/L_WorkShop.L_WorkShop_C' with ClassGeneratedBy '/Game/Maps/L_WorkShop.L_WorkShop:PersistentLevel.L_WorkShop'
[2017.08.24-02.51.17:666][629]LogEditorViewport: Clicking on Actor (LMB): BP_Hammer_C (BP_Hammer)
[2017.08.24-02.51.19:941][900]LogTemp: Repeting last play command: Simulate
[2017.08.24-02.51.19:947][900]LogBlueprintUserMessages: Early PlayInEditor Detection: Level '/Game/Maps/L_WorkShop.L_WorkShop:PersistentLevel' has LevelScriptBlueprint '/Game/Maps/L_WorkShop.L_WorkShop:PersistentLevel.L_WorkShop' with GeneratedClass '/Game/Maps/L_WorkShop.L_WorkShop_C' with ClassGeneratedBy '/Game/Maps/L_WorkShop.L_WorkShop:PersistentLevel.L_WorkShop'
[2017.08.24-02.51.19:947][900]BlueprintLog: New page: Pre-Play auto-recompile
[2017.08.24-02.51.19:947][900]LogPlayLevel: [PlayLevel] Compiling BP_Hammer before play...
[2017.08.24-02.51.20:195][900]LogPlayLevel: PlayLevel: Blueprint regeneration took 247 ms (1 blueprints)
[2017.08.24-02.51.20:195][900]PIE: New page: SIE session: L_WorkShop (Aug 24, 2017, 8:51:20 PM)
[2017.08.24-02.51.20:195][900]LogPlayLevel: Creating play world package: /Game/Maps/UEDPIE_0_L_WorkShop
[2017.08.24-02.51.20:199][900]LogPlayLevel: PIE: StaticDuplicateObject took: (0.004133s)
[2017.08.24-02.51.20:199][900]LogAIModule: Creating AISystem for world L_WorkShop
[2017.08.24-02.51.20:199][900]LogPlayLevel: PIE: World Init took: (0.000430s)
[2017.08.24-02.51.20:199][900]LogPlayLevel: PIE: Created PIE world by copying editor world from /Game/Maps/L_WorkShop.L_WorkShop to /Game/Maps/UEDPIE_0_L_WorkShop.L_WorkShop (0.004707s)
[2017.08.24-02.51.20:213][900]LogInit: XAudio2 using 'Realtek Digital Output(Realtek High Definition Audio)' : 2 channels at 48 kHz using 16 bits per sample (channel mask 0x3)
[2017.08.24-02.51.20:217][900]LogInit: FAudioDevice initialized.
[2017.08.24-02.51.20:245][900]LogLoad: Game class is 'BP_CarpenterMode_C'
[2017.08.24-02.51.20:247][900]LogWorld: Bringing World /Game/Maps/UEDPIE_0_L_WorkShop.L_WorkShop up for play (max tick rate 0) at 2017.08.24-11.51.20
[2017.08.24-02.51.20:247][900]LogWorld: Bringing up level for play took: 0.001662
[2017.08.24-02.51.20:248][900]PIE: Info Play in editor start time for /Game/Maps/UEDPIE_0_L_WorkShop 0.194
[2017.08.24-02.51.20:260][900]LogBlueprintUserMessages: Late PlayInEditor Detection: Level '/Game/Maps/L_WorkShop.L_WorkShop:PersistentLevel' has LevelScriptBlueprint '/Game/Maps/L_WorkShop.L_WorkShop:PersistentLevel.L_WorkShop' with GeneratedClass '/Game/Maps/L_WorkShop.L_WorkShop_C' with ClassGeneratedBy '/Game/Maps/L_WorkShop.L_WorkShop:PersistentLevel.L_WorkShop'
[2017.08.24-02.51.20:629][940]LogBlueprintUserMessages: [BP_Nail_Free2_182] Hit
[2017.08.24-02.51.20:876][968]LogBlueprintUserMessages: [BP_Nail_Free2_182] Hit
[2017.08.24-02.51.23:006][201]LogBlueprintUserMessages: [BP_Nail_Free2_182] Hit
[2017.08.24-02.51.25:360][458]LogBlueprintUserMessages: [BP_Nail_Free2_182] Hit
[2017.08.24-02.51.27:098][659]LogEditorViewport: Clicking on Actor (LMB): BP_Hammer_C (BP_Hammer)
[2017.08.24-02.51.28:683][818]LogBlueprintUserMessages: [BP_Nail_Free2_182] Hit
[2017.08.24-02.51.28:925][844]LogBlueprintUserMessages: [BP_Nail_Free2_182] Hit
[2017.08.24-02.51.30:055][964]LogEditorViewport: Clicking on Actor (LMB): BP_Hammer_C (BP_Hammer)
[2017.08.24-02.51.31:685][120]LogBlueprintUserMessages: [BP_Nail_Free2_182] Hit
[2017.08.24-02.51.33:004][259]LogEditorViewport: Clicking on Actor (LMB): BP_Hammer_C (BP_Hammer)
[2017.08.24-02.51.34:286][395]LogBlueprintUserMessages: [BP_Nail_Free2_182] Hit
[2017.08.24-02.51.35:699][561]LogBlueprintUserMessages: Early EndPlayMap Detection: Level '/Game/Maps/L_WorkShop.L_WorkShop:PersistentLevel' has LevelScriptBlueprint '/Game/Maps/L_WorkShop.L_WorkShop:PersistentLevel.L_WorkShop' with GeneratedClass '/Game/Maps/L_WorkShop.L_WorkShop_C' with ClassGeneratedBy '/Game/Maps/L_WorkShop.L_WorkShop:PersistentLevel.L_WorkShop'
[2017.08.24-02.51.35:746][561]LogBlueprintUserMessages: Late EndPlayMap Detection: Level '/Game/Maps/L_WorkShop.L_WorkShop:PersistentLevel' has LevelScriptBlueprint '/Game/Maps/L_WorkShop.L_WorkShop:PersistentLevel.L_WorkShop' with GeneratedClass '/Game/Maps/L_WorkShop.L_WorkShop_C' with ClassGeneratedBy '/Game/Maps/L_WorkShop.L_WorkShop:PersistentLevel.L_WorkShop'
[2017.08.24-02.53.14:710][138]LogActorComponent: UnregisterComponent: (/Engine/Transient.EditorFloorComp) Not registered. Aborting.
[2017.08.24-02.53.22:231][ 28]BlueprintLog: New page: Compile BP_Hammer
[2017.08.24-02.53.23:251][112]LogEditorViewport: Clicking on Actor (LMB): BP_Hammer_C (BP_Hammer)
[2017.08.24-02.53.23:642][158]LogEditorViewport: Clicking on Actor (LMB): BP_Hammer_C (BP_Hammer)
[2017.08.24-02.53.30:521][974]LogEditorViewport: Clicking on Actor (LMB): BP_Hammer_C (BP_Hammer)
[2017.08.24-02.53.30:870][ 15]LogEditorViewport: Clicking on Actor (LMB): BP_Hammer_C (BP_Hammer)
[2017.08.24-02.53.30:998][ 29]LogEditorViewport: Clicking on Component (LMB): SceneComponent (Scene)
[2017.08.24-02.53.32:190][170]LogEditorViewport: Clicking on Component (LMB): SceneComponent (Scene)
[2017.08.24-02.53.37:515][800]Cmd: OBJ SAVEPACKAGE PACKAGE="/Game/BookCase/BP_Hammer" FILE="../../../../unreal/WoodWork/Content/BookCase/BP_Hammer.uasset" SILENT=true
[2017.08.24-02.53.37:530][800]LogSavePackage: Save=12.05ms
[2017.08.24-02.53.37:530][800]LogSavePackage: Moving '../../../../unreal/WoodWork/Saved/BP_Hammer108BD9304C4E79E861A259809D711B90.tmp' to '../../../../unreal/WoodWork/Content/BookCase/BP_Hammer.uasset'
[2017.08.24-02.53.37:531][800]LogSavePackage:Display: Finished SavePackage ../../../../unreal/WoodWork/Content/BookCase/BP_Hammer.uasset
[2017.08.24-02.53.51:492][465]BlueprintLog: New page: Compile BP_Hammer
[2017.08.24-02.53.56:069][988]LogTemp: Repeting last play command: Simulate
[2017.08.24-02.53.56:076][988]LogBlueprintUserMessages: Early PlayInEditor Detection: Level '/Game/Maps/L_WorkShop.L_WorkShop:PersistentLevel' has LevelScriptBlueprint '/Game/Maps/L_WorkShop.L_WorkShop:PersistentLevel.L_WorkShop' with GeneratedClass '/Game/Maps/L_WorkShop.L_WorkShop_C' with ClassGeneratedBy '/Game/Maps/L_WorkShop.L_WorkShop:PersistentLevel.L_WorkShop'
[2017.08.24-02.53.56:076][988]LogPlayLevel: PlayLevel: No blueprints needed recompiling
[2017.08.24-02.53.56:076][988]PIE: New page: SIE session: L_WorkShop (Aug 24, 2017, 8:53:56 PM)
[2017.08.24-02.53.56:076][988]LogPlayLevel: Creating play world package: /Game/Maps/UEDPIE_0_L_WorkShop
[2017.08.24-02.53.56:081][988]LogPlayLevel: PIE: StaticDuplicateObject took: (0.004156s)
[2017.08.24-02.53.56:081][988]LogAIModule: Creating AISystem for world L_WorkShop
[2017.08.24-02.53.56:081][988]LogPlayLevel: PIE: World Init took: (0.000427s)
[2017.08.24-02.53.56:081][988]LogPlayLevel: PIE: Created PIE world by copying editor world from /Game/Maps/L_WorkShop.L_WorkShop to /Game/Maps/UEDPIE_0_L_WorkShop.L_WorkShop (0.004733s)
[2017.08.24-02.53.56:095][988]LogInit: XAudio2 using 'Realtek Digital Output(Realtek High Definition Audio)' : 2 channels at 48 kHz using 16 bits per sample (channel mask 0x3)
[2017.08.24-02.53.56:099][988]LogInit: FAudioDevice initialized.
[2017.08.24-02.53.56:129][988]LogLoad: Game class is 'BP_CarpenterMode_C'
[2017.08.24-02.53.56:132][988]LogWorld: Bringing World /Game/Maps/UEDPIE_0_L_WorkShop.L_WorkShop up for play (max tick rate 0) at 2017.08.24-11.53.56
[2017.08.24-02.53.56:132][988]LogWorld: Bringing up level for play took: 0.001661
[2017.08.24-02.53.56:133][988]PIE: Info Play in editor start time for /Game/Maps/UEDPIE_0_L_WorkShop 0.074
[2017.08.24-02.53.56:145][988]LogBlueprintUserMessages: Late PlayInEditor Detection: Level '/Game/Maps/L_WorkShop.L_WorkShop:PersistentLevel' has LevelScriptBlueprint '/Game/Maps/L_WorkShop.L_WorkShop:PersistentLevel.L_WorkShop' with GeneratedClass '/Game/Maps/L_WorkShop.L_WorkShop_C' with ClassGeneratedBy '/Game/Maps/L_WorkShop.L_WorkShop:PersistentLevel.L_WorkShop'
[2017.08.24-02.53.56:577][ 39]LogBlueprintUserMessages: [BP_Nail_Free2_182] Hit
[2017.08.24-02.53.56:852][ 72]LogBlueprintUserMessages: [BP_Nail_Free2_182] Hit
[2017.08.24-02.53.59:071][293]LogEditorViewport: Clicking on Actor (LMB): BP_Hammer_C (BP_Hammer)
[2017.08.24-02.54.02:819][664]LogBlueprintUserMessages: Early EndPlayMap Detection: Level '/Game/Maps/L_WorkShop.L_WorkShop:PersistentLevel' has LevelScriptBlueprint '/Game/Maps/L_WorkShop.L_WorkShop:PersistentLevel.L_WorkShop' with GeneratedClass '/Game/Maps/L_WorkShop.L_WorkShop_C' with ClassGeneratedBy '/Game/Maps/L_WorkShop.L_WorkShop:PersistentLevel.L_WorkShop'
[2017.08.24-02.54.02:861][664]LogBlueprintUserMessages: Late EndPlayMap Detection: Level '/Game/Maps/L_WorkShop.L_WorkShop:PersistentLevel' has LevelScriptBlueprint '/Game/Maps/L_WorkShop.L_WorkShop:PersistentLevel.L_WorkShop' with GeneratedClass '/Game/Maps/L_WorkShop.L_WorkShop_C' with ClassGeneratedBy '/Game/Maps/L_WorkShop.L_WorkShop:PersistentLevel.L_WorkShop'
[2017.08.24-02.54.08:463][325]BlueprintLog: New page: Compile BP_Hammer
[2017.08.24-02.54.09:747][462]LogTemp: Repeting last play command: Simulate
[2017.08.24-02.54.09:754][462]LogBlueprintUserMessages: Early PlayInEditor Detection: Level '/Game/Maps/L_WorkShop.L_WorkShop:PersistentLevel' has LevelScriptBlueprint '/Game/Maps/L_WorkShop.L_WorkShop:PersistentLevel.L_WorkShop' with GeneratedClass '/Game/Maps/L_WorkShop.L_WorkShop_C' with ClassGeneratedBy '/Game/Maps/L_WorkShop.L_WorkShop:PersistentLevel.L_WorkShop'
[2017.08.24-02.54.09:754][462]LogPlayLevel: PlayLevel: No blueprints needed recompiling
[2017.08.24-02.54.09:754][462]PIE: New page: SIE session: L_WorkShop (Aug 24, 2017, 8:54:09 PM)
[2017.08.24-02.54.09:754][462]LogPlayLevel: Creating play world package: /Game/Maps/UEDPIE_0_L_WorkShop
[2017.08.24-02.54.09:758][462]LogPlayLevel: PIE: StaticDuplicateObject took: (0.004280s)
[2017.08.24-02.54.09:758][462]LogAIModule: Creating AISystem for world L_WorkShop
[2017.08.24-02.54.09:758][462]LogPlayLevel: PIE: World Init took: (0.000439s)
[2017.08.24-02.54.09:759][462]LogPlayLevel: PIE: Created PIE world by copying editor world from /Game/Maps/L_WorkShop.L_WorkShop to /Game/Maps/UEDPIE_0_L_WorkShop.L_WorkShop (0.004871s)
[2017.08.24-02.54.09:771][462]LogInit: XAudio2 using 'Realtek Digital Output(Realtek High Definition Audio)' : 2 channels at 48 kHz using 16 bits per sample (channel mask 0x3)
[2017.08.24-02.54.09:776][462]LogInit: FAudioDevice initialized.
[2017.08.24-02.54.09:800][462]LogLoad: Game class is 'BP_CarpenterMode_C'
[2017.08.24-02.54.09:802][462]LogWorld: Bringing World /Game/Maps/UEDPIE_0_L_WorkShop.L_WorkShop up for play (max tick rate 0) at 2017.08.24-11.54.09
[2017.08.24-02.54.09:803][462]LogWorld: Bringing up level for play took: 0.001675
[2017.08.24-02.54.09:803][462]PIE: Info Play in editor start time for /Game/Maps/UEDPIE_0_L_WorkShop -0.256
[2017.08.24-02.54.09:815][462]LogBlueprintUserMessages: Late PlayInEditor Detection: Level '/Game/Maps/L_WorkShop.L_WorkShop:PersistentLevel' has LevelScriptBlueprint '/Game/Maps/L_WorkShop.L_WorkShop:PersistentLevel.L_WorkShop' with GeneratedClass '/Game/Maps/L_WorkShop.L_WorkShop_C' with ClassGeneratedBy '/Game/Maps/L_WorkShop.L_WorkShop:PersistentLevel.L_WorkShop'
[2017.08.24-02.54.10:251][510]LogBlueprintUserMessages: [BP_Nail_Free2_182] Hit
[2017.08.24-02.54.10:525][533]LogBlueprintUserMessages: [BP_Nail_Free2_182] Hit
[2017.08.24-02.54.11:559][648]LogEditorViewport: Clicking on Actor (LMB): BP_Hammer_C (BP_Hammer)
[2017.08.24-02.54.14:191][928]LogEditorViewport: Clicking on Actor (LMB): BP_Hammer_C (BP_Hammer)
[2017.08.24-02.54.14:764][966]LogStats: FPlatformStackWalk::StackWalkAndDump -  0.244 s
[2017.08.24-02.54.14:764][966]LogOutputDevice:Error: === Handled ensure: ===
[2017.08.24-02.54.14:764][966]LogOutputDevice:Error: 
[2017.08.24-02.54.14:764][966]LogOutputDevice:Error: Ensure condition failed: Component != nullptr [File:D:\Build\++UE4+Release-4.15+Compile\Sync\Engine\Source\Editor\UnrealEd\Private\LevelViewportClickHandlers.cpp] [Line: 326]
[2017.08.24-02.54.14:764][966]LogOutputDevice:Error: 
[2017.08.24-02.54.14:764][966]LogOutputDevice:Error: Stack: 
[2017.08.24-02.54.14:764][966]LogOutputDevice:Error: UE4Editor-Core.dll!0x00000000D93695E6
[2017.08.24-02.54.14:764][966]LogOutputDevice:Error: UE4Editor-Core.dll!0x00000000D9119B82
[2017.08.24-02.54.14:764][966]LogOutputDevice:Error: UE4Editor-Core.dll!0x00000000D912B666
[2017.08.24-02.54.14:764][966]LogOutputDevice:Error: UE4Editor-UnrealEd.dll!0x00000000D3D41FCB
[2017.08.24-02.54.14:764][966]LogOutputDevice:Error: UE4Editor-UnrealEd.dll!0x00000000D3D5A7C4
[2017.08.24-02.54.14:764][966]LogOutputDevice:Error: UE4Editor-UnrealEd.dll!0x00000000D3A13370
[2017.08.24-02.54.14:764][966]LogOutputDevice:Error: UE4Editor-UnrealEd.dll!0x00000000D3A0A51A
[2017.08.24-02.54.14:764][966]LogOutputDevice:Error: UE4Editor-UnrealEd.dll!0x00000000D3D56EC2
[2017.08.24-02.54.14:764][966]LogOutputDevice:Error: UE4Editor-Engine.dll!0x00000000D6A0AD21
[2017.08.24-02.54.14:764][966]LogOutputDevice:Error: UE4Editor-Slate.dll!0x00000000E7D1196C
[2017.08.24-02.54.14:764][966]LogOutputDevice:Error: UE4Editor-Slate.dll!0x00000000E7AC4A7E
[2017.08.24-02.54.14:764][966]LogOutputDevice:Error: UE4Editor-Slate.dll!0x00000000E7A9444E
[2017.08.24-02.54.14:764][966]LogOutputDevice:Error: UE4Editor-Slate.dll!0x00000000E7B358E4
[2017.08.24-02.54.14:764][966]LogOutputDevice:Error: UE4Editor-Slate.dll!0x00000000E7B20435
[2017.08.24-02.54.14:764][966]LogOutputDevice:Error: UE4Editor-Slate.dll!0x00000000E7B0F7B9
[2017.08.24-02.54.14:764][966]LogOutputDevice:Error: UE4Editor-Core.dll!0x00000000D935CDA7
[2017.08.24-02.54.14:764][966]LogOutputDevice:Error: UE4Editor-Core.dll!0x00000000D93467C1
[2017.08.24-02.54.14:764][966]LogOutputDevice:Error: UE4Editor-Core.dll!0x00000000D935EA1C
[2017.08.24-02.54.14:764][966]LogOutputDevice:Error: UE4Editor-Core.dll!0x00000000D93426E9
[2017.08.24-02.54.14:764][966]LogOutputDevice:Error: USER32.dll!0x0000000076B99BD1
[2017.08.24-02.54.14:764][966]LogOutputDevice:Error: USER32.dll!0x0000000076B998DA
[2017.08.24-02.54.14:764][966]LogOutputDevice:Error: UE4Editor-Core.dll!0x00000000D935F326
[2017.08.24-02.54.14:764][966]LogOutputDevice:Error: UE4Editor.exe!0x000000003F88D790
[2017.08.24-02.54.14:764][966]LogOutputDevice:Error: UE4Editor.exe!0x000000003F87EB40
[2017.08.24-02.54.14:764][966]LogOutputDevice:Error: UE4Editor.exe!0x000000003F87EBBA
[2017.08.24-02.54.14:764][966]LogOutputDevice:Error: UE4Editor.exe!0x000000003F890A29
[2017.08.24-02.54.14:764][966]LogOutputDevice:Error: UE4Editor.exe!0x000000003F8922B6
[2017.08.24-02.54.14:764][966]LogOutputDevice:Error: kernel32.dll!0x0000000076C9652D
[2017.08.24-02.54.14:764][966]LogOutputDevice:Error: ntdll.dll!0x0000000076DCC541
[2017.08.24-02.54.14:764][966]LogOutputDevice:Error: 
[2017.08.24-02.54.14:768][966]LogStats:                SubmitErrorReport -  0.000 s
